<?xml version="1.0" encoding="UTF-8"?>
<coverage generated="1782485134952" clover="3.2.0">
  <project timestamp="1782485134953" name="All files">
    <metrics statements="166" coveredstatements="166" conditionals="52" coveredconditionals="44" methods="62" coveredmethods="62" elements="280" coveredelements="272" complexity="0" loc="166" ncloc="166" packages="1" files="4" classes="4"/>
    <file name="constants.js" path="/home/phetso/javascript-library-capstone-debug-Phetsodonald/src/constants.js">
      <metrics statements="3" coveredstatements="3" conditionals="0" coveredconditionals="0" methods="0" coveredmethods="0"/>
      <line num="1" count="1" type="stmt"/>
      <line num="2" count="1" type="stmt"/>
      <line num="4" count="1" type="stmt"/>
    </file>
    <file name="library.js" path="/home/phetso/javascript-library-capstone-debug-Phetsodonald/src/library.js">
      <metrics statements="63" coveredstatements="63" conditionals="9" coveredconditionals="5" methods="19" coveredmethods="19"/>
      <line num="1" count="1" type="stmt"/>
      <line num="2" count="1" type="stmt"/>
      <line num="3" count="1" type="stmt"/>
      <line num="9" count="52" type="stmt"/>
      <line num="10" count="48" type="stmt"/>
      <line num="12" count="46" type="stmt"/>
      <line num="13" count="46" type="stmt"/>
      <line num="14" count="46" type="stmt"/>
      <line num="15" count="46" type="stmt"/>
      <line num="16" count="46" type="stmt"/>
      <line num="18" count="46" type="stmt"/>
      <line num="19" count="46" type="stmt"/>
      <line num="21" count="46" type="stmt"/>
      <line num="25" count="4" type="stmt"/>
      <line num="29" count="1" type="stmt"/>
      <line num="33" count="2" type="stmt"/>
      <line num="35" count="2" type="cond" truecount="1" falsecount="1"/>
      <line num="37" count="2" type="stmt"/>
      <line num="39" count="2" type="stmt"/>
      <line num="40" count="2" type="stmt"/>
      <line num="48" count="11" type="stmt"/>
      <line num="49" count="6" type="stmt"/>
      <line num="51" count="4" type="stmt"/>
      <line num="53" count="4" type="stmt"/>
      <line num="54" count="4" type="stmt"/>
      <line num="55" count="4" type="stmt"/>
      <line num="59" count="2" type="stmt"/>
      <line num="60" count="2" type="stmt"/>
      <line num="61" count="2" type="stmt"/>
      <line num="65" count="1" type="stmt"/>
      <line num="73" count="15" type="stmt"/>
      <line num="75" count="15" type="stmt"/>
      <line num="76" count="15" type="stmt"/>
      <line num="77" count="15" type="stmt"/>
      <line num="78" count="15" type="stmt"/>
      <line num="79" count="15" type="stmt"/>
      <line num="80" count="15" type="stmt"/>
      <line num="84" count="1" type="stmt"/>
      <line num="85" count="1" type="stmt"/>
      <line num="86" count="1" type="stmt"/>
      <line num="90" count="1" type="stmt"/>
      <line num="94" count="3" type="stmt"/>
      <line num="102" count="2" type="stmt"/>
      <line num="104" count="2" type="stmt"/>
      <line num="105" count="2" type="stmt"/>
      <line num="109" count="1" type="stmt"/>
      <line num="115" count="1" type="stmt"/>
      <line num="121" count="3" type="stmt"/>
      <line num="123" count="3" type="stmt"/>
      <line num="124" count="6" type="stmt"/>
      <line num="127" count="3" type="stmt"/>
      <line num="128" count="3" type="stmt"/>
      <line num="132" count="1" type="cond" truecount="1" falsecount="1"/>
      <line num="133" count="1" type="stmt"/>
      <line num="137" count="1" type="stmt"/>
      <line num="138" count="1" type="stmt"/>
      <line num="142" count="1" type="stmt"/>
      <line num="143" count="1" type="stmt"/>
      <line num="147" count="1" type="cond" truecount="1" falsecount="1"/>
      <line num="149" count="1" type="stmt"/>
      <line num="151" count="1" type="stmt"/>
      <line num="152" count="1" type="cond" truecount="1" falsecount="1"/>
      <line num="158" count="1" type="stmt"/>
    </file>
    <file name="storage.js" path="/home/phetso/javascript-library-capstone-debug-Phetsodonald/src/storage.js">
      <metrics statements="3" coveredstatements="3" conditionals="0" coveredconditionals="0" methods="0" coveredmethods="0"/>
      <line num="1" count="1" type="stmt"/>
      <line num="2" count="1" type="stmt"/>
      <line num="4" count="1" type="stmt"/>
    </file>
    <file name="utils.js" path="/home/phetso/javascript-library-capstone-debug-Phetsodonald/src/utils.js">
      <metrics statements="97" coveredstatements="97" conditionals="43" coveredconditionals="39" methods="43" coveredmethods="43"/>
      <line num="1" count="1" type="stmt"/>
      <line num="2" count="1" type="stmt"/>
      <line num="4" count="1" type="stmt"/>
      <line num="5" count="28" type="stmt"/>
      <line num="6" count="10" type="stmt"/>
      <line num="7" count="6" type="stmt"/>
      <line num="8" count="3" type="stmt"/>
      <line num="9" count="2" type="stmt"/>
      <line num="10" count="4" type="stmt"/>
      <line num="12" count="2" type="stmt"/>
      <line num="13" count="2" type="stmt"/>
      <line num="19" count="1" type="stmt"/>
      <line num="28" count="2" type="stmt"/>
      <line num="30" count="1" type="stmt"/>
      <line num="32" count="1" type="stmt"/>
      <line num="37" count="110" type="stmt"/>
      <line num="38" count="345" type="cond" truecount="2" falsecount="0"/>
      <line num="39" count="14" type="stmt"/>
      <line num="45" count="7" type="stmt"/>
      <line num="46" count="7" type="stmt"/>
      <line num="48" count="7" type="cond" truecount="2" falsecount="0"/>
      <line num="49" count="1" type="stmt"/>
      <line num="51" count="6" type="stmt"/>
      <line num="56" count="8" type="stmt"/>
      <line num="57" count="8" type="cond" truecount="4" falsecount="0"/>
      <line num="58" count="3" type="stmt"/>
      <line num="65" count="57" type="stmt"/>
      <line num="66" count="109" type="cond" truecount="5" falsecount="0"/>
      <line num="67" count="5" type="stmt"/>
      <line num="73" count="4" type="stmt"/>
      <line num="74" count="6" type="cond" truecount="2" falsecount="0"/>
      <line num="75" count="2" type="stmt"/>
      <line num="81" count="3" type="stmt"/>
      <line num="82" count="3" type="cond" truecount="2" falsecount="0"/>
      <line num="83" count="1" type="stmt"/>
      <line num="89" count="1" type="stmt"/>
      <line num="91" count="1" type="stmt"/>
      <line num="93" count="1" type="stmt"/>
      <line num="94" count="1" type="stmt"/>
      <line num="96" count="1" type="stmt"/>
      <line num="101" count="1" type="stmt"/>
      <line num="103" count="1" type="stmt"/>
      <line num="114" count="1" type="stmt"/>
      <line num="116" count="1" type="stmt"/>
      <line num="118" count="1" type="stmt"/>
      <line num="119" count="3" type="stmt"/>
      <line num="121" count="3" type="stmt"/>
      <line num="123" count="3" type="stmt"/>
      <line num="129" count="2" type="stmt"/>
      <line num="130" count="2" type="stmt"/>
      <line num="132" count="1" type="stmt"/>
      <line num="133" count="3" type="stmt"/>
      <line num="139" count="3" type="stmt"/>
      <line num="140" count="4" type="stmt"/>
      <line num="145" count="4" type="stmt"/>
      <line num="147" count="3" type="stmt"/>
      <line num="148" count="4" type="stmt"/>
      <line num="154" count="2" type="stmt"/>
      <line num="155" count="1" type="stmt"/>
      <line num="160" count="18" type="stmt"/>
      <line num="161" count="35" type="cond" truecount="5" falsecount="0"/>
      <line num="162" count="1" type="stmt"/>
      <line num="165" count="34" type="cond" truecount="2" falsecount="0"/>
      <line num="166" count="1" type="stmt"/>
      <line num="169" count="33" type="stmt"/>
      <line num="175" count="5" type="stmt"/>
      <line num="176" count="6" type="cond" truecount="5" falsecount="0"/>
      <line num="177" count="1" type="stmt"/>
      <line num="179" count="5" type="stmt"/>
      <line num="180" count="5" type="stmt"/>
      <line num="186" count="3" type="stmt"/>
      <line num="187" count="2" type="stmt"/>
      <line num="189" count="2" type="cond" truecount="1" falsecount="1"/>
      <line num="190" count="2" type="cond" truecount="1" falsecount="1"/>
      <line num="191" count="2" type="cond" truecount="2" falsecount="0"/>
      <line num="193" count="2" type="stmt"/>
      <line num="199" count="2" type="stmt"/>
      <line num="200" count="2" type="stmt"/>
      <line num="202" count="2" type="stmt"/>
      <line num="203" count="1" type="stmt"/>
      <line num="205" count="1" type="cond" truecount="1" falsecount="1"/>
      <line num="206" count="1" type="cond" truecount="1" falsecount="1"/>
      <line num="208" count="1" type="stmt"/>
      <line num="209" count="1" type="stmt"/>
      <line num="211" count="1" type="stmt"/>
      <line num="212" count="1" type="stmt"/>
      <line num="219" count="5" type="stmt"/>
      <line num="221" count="4" type="stmt"/>
      <line num="223" count="4" type="cond" truecount="2" falsecount="0"/>
      <line num="224" count="2" type="stmt"/>
      <line num="227" count="2" type="stmt"/>
      <line num="232" count="7" type="stmt"/>
      <line num="234" count="5" type="stmt"/>
      <line num="236" count="5" type="cond" truecount="2" falsecount="0"/>
      <line num="237" count="1" type="stmt"/>
      <line num="240" count="4" type="stmt"/>
      <line num="243" count="1" type="stmt"/>
    </file>
  </project>
</coverage>
