{"/home/phetso/javascript-library-capstone-debug-Phetsodonald/src/constants.js": {"path":"/home/phetso/javascript-library-capstone-debug-Phetsodonald/src/constants.js","statementMap":{"0":{"start":{"line":1,"column":25},"end":{"line":1,"column":29}},"1":{"start":{"line":2,"column":29},"end":{"line":2,"column":30}},"2":{"start":{"line":4,"column":0},"end":{"line":7,"column":2}}},"fnMap":{},"branchMap":{},"s":{"0":1,"1":1,"2":1},"f":{},"b":{},"_coverageSchema":"1a1c01bbd47fc00a2c39e90264f33305004495a9","hash":"0e127e1931fba7b91fe155ff5013b55876b0f8f6"}
,"/home/phetso/javascript-library-capstone-debug-Phetsodonald/src/library.js": {"path":"/home/phetso/javascript-library-capstone-debug-Phetsodonald/src/library.js","statementMap":{"0":{"start":{"line":1,"column":73},"end":{"line":1,"column":91}},"1":{"start":{"line":2,"column":51},"end":{"line":2,"column":73}},"2":{"start":{"line":3,"column":27},"end":{"line":3,"column":47}},"3":{"start":{"line":9,"column":8},"end":{"line":9,"column":52}},"4":{"start":{"line":10,"column":8},"end":{"line":10,"column":35}},"5":{"start":{"line":12,"column":8},"end":{"line":12,"column":25}},"6":{"start":{"line":13,"column":8},"end":{"line":13,"column":27}},"7":{"start":{"line":14,"column":8},"end":{"line":14,"column":29}},"8":{"start":{"line":15,"column":8},"end":{"line":15,"column":25}},"9":{"start":{"line":16,"column":8},"end":{"line":16,"column":33}},"10":{"start":{"line":18,"column":8},"end":{"line":18,"column":38}},"11":{"start":{"line":19,"column":8},"end":{"line":19,"column":34}},"12":{"start":{"line":21,"column":8},"end":{"line":21,"column":29}},"13":{"start":{"line":25,"column":8},"end":{"line":25,"column":40}},"14":{"start":{"line":29,"column":8},"end":{"line":29,"column":36}},"15":{"start":{"line":33,"column":8},"end":{"line":33,"column":31}},"16":{"start":{"line":35,"column":8},"end":{"line":35,"column":52}},"17":{"start":{"line":35,"column":39},"end":{"line":35,"column":52}},"18":{"start":{"line":37,"column":8},"end":{"line":37,"column":31}},"19":{"start":{"line":39,"column":8},"end":{"line":39,"column":67}},"20":{"start":{"line":40,"column":8},"end":{"line":40,"column":20}},"21":{"start":{"line":48,"column":8},"end":{"line":48,"column":60}},"22":{"start":{"line":49,"column":8},"end":{"line":49,"column":37}},"23":{"start":{"line":51,"column":8},"end":{"line":51,"column":54}},"24":{"start":{"line":53,"column":8},"end":{"line":53,"column":33}},"25":{"start":{"line":54,"column":8},"end":{"line":54,"column":29}},"26":{"start":{"line":55,"column":8},"end":{"line":55,"column":27}},"27":{"start":{"line":59,"column":8},"end":{"line":59,"column":31}},"28":{"start":{"line":60,"column":8},"end":{"line":60,"column":25}},"29":{"start":{"line":61,"column":8},"end":{"line":61,"column":20}},"30":{"start":{"line":65,"column":8},"end":{"line":65,"column":39}},"31":{"start":{"line":73,"column":8},"end":{"line":73,"column":54}},"32":{"start":{"line":75,"column":8},"end":{"line":75,"column":21}},"33":{"start":{"line":76,"column":8},"end":{"line":76,"column":25}},"34":{"start":{"line":77,"column":8},"end":{"line":77,"column":27}},"35":{"start":{"line":78,"column":8},"end":{"line":78,"column":45}},"36":{"start":{"line":79,"column":8},"end":{"line":79,"column":32}},"37":{"start":{"line":80,"column":8},"end":{"line":80,"column":35}},"38":{"start":{"line":84,"column":22},"end":{"line":84,"column":32}},"39":{"start":{"line":85,"column":21},"end":{"line":85,"column":42}},"40":{"start":{"line":86,"column":8},"end":{"line":86,"column":56}},"41":{"start":{"line":90,"column":8},"end":{"line":90,"column":47}},"42":{"start":{"line":94,"column":8},"end":{"line":94,"column":64}},"43":{"start":{"line":102,"column":8},"end":{"line":102,"column":38}},"44":{"start":{"line":104,"column":8},"end":{"line":104,"column":42}},"45":{"start":{"line":105,"column":8},"end":{"line":105,"column":27}},"46":{"start":{"line":109,"column":8},"end":{"line":109,"column":57}},"47":{"start":{"line":115,"column":19},"end":{"line":155,"column":1}},"48":{"start":{"line":121,"column":20},"end":{"line":121,"column":21}},"49":{"start":{"line":123,"column":8},"end":{"line":125,"column":9}},"50":{"start":{"line":124,"column":12},"end":{"line":124,"column":44}},"51":{"start":{"line":127,"column":8},"end":{"line":127,"column":37}},"52":{"start":{"line":128,"column":8},"end":{"line":128,"column":21}},"53":{"start":{"line":132,"column":8},"end":{"line":132,"column":39}},"54":{"start":{"line":132,"column":30},"end":{"line":132,"column":39}},"55":{"start":{"line":133,"column":8},"end":{"line":133,"column":61}},"56":{"start":{"line":137,"column":62},"end":{"line":137,"column":66}},"57":{"start":{"line":138,"column":8},"end":{"line":138,"column":61}},"58":{"start":{"line":142,"column":8},"end":{"line":142,"column":37}},"59":{"start":{"line":143,"column":8},"end":{"line":143,"column":43}},"60":{"start":{"line":147,"column":8},"end":{"line":147,"column":42}},"61":{"start":{"line":147,"column":30},"end":{"line":147,"column":42}},"62":{"start":{"line":149,"column":25},"end":{"line":149,"column":44}},"63":{"start":{"line":151,"column":8},"end":{"line":153,"column":10}},"64":{"start":{"line":152,"column":12},"end":{"line":152,"column":73}},"65":{"start":{"line":158,"column":0},"end":{"line":164,"column":2}}},"fnMap":{"0":{"name":"(anonymous_0)","decl":{"start":{"line":8,"column":4},"end":{"line":8,"column":5}},"loc":{"start":{"line":8,"column":61},"end":{"line":22,"column":5}},"line":8},"1":{"name":"(anonymous_1)","decl":{"start":{"line":24,"column":4},"end":{"line":24,"column":5}},"loc":{"start":{"line":24,"column":24},"end":{"line":26,"column":5}},"line":24},"2":{"name":"(anonymous_2)","decl":{"start":{"line":28,"column":4},"end":{"line":28,"column":5}},"loc":{"start":{"line":28,"column":18},"end":{"line":30,"column":5}},"line":28},"3":{"name":"(anonymous_3)","decl":{"start":{"line":32,"column":4},"end":{"line":32,"column":5}},"loc":{"start":{"line":32,"column":23},"end":{"line":41,"column":5}},"line":32},"4":{"name":"(anonymous_4)","decl":{"start":{"line":47,"column":4},"end":{"line":47,"column":5}},"loc":{"start":{"line":47,"column":71},"end":{"line":56,"column":5}},"line":47},"5":{"name":"(anonymous_5)","decl":{"start":{"line":58,"column":4},"end":{"line":58,"column":5}},"loc":{"start":{"line":58,"column":23},"end":{"line":62,"column":5}},"line":58},"6":{"name":"(anonymous_6)","decl":{"start":{"line":64,"column":4},"end":{"line":64,"column":5}},"loc":{"start":{"line":64,"column":23},"end":{"line":66,"column":5}},"line":64},"7":{"name":"(anonymous_7)","decl":{"start":{"line":72,"column":4},"end":{"line":72,"column":5}},"loc":{"start":{"line":72,"column":62},"end":{"line":81,"column":5}},"line":72},"8":{"name":"(anonymous_8)","decl":{"start":{"line":83,"column":4},"end":{"line":83,"column":5}},"loc":{"start":{"line":83,"column":25},"end":{"line":87,"column":5}},"line":83},"9":{"name":"(anonymous_9)","decl":{"start":{"line":89,"column":4},"end":{"line":89,"column":5}},"loc":{"start":{"line":89,"column":34},"end":{"line":91,"column":5}},"line":89},"10":{"name":"(anonymous_10)","decl":{"start":{"line":93,"column":4},"end":{"line":93,"column":5}},"loc":{"start":{"line":93,"column":16},"end":{"line":95,"column":5}},"line":93},"11":{"name":"(anonymous_11)","decl":{"start":{"line":101,"column":4},"end":{"line":101,"column":5}},"loc":{"start":{"line":101,"column":33},"end":{"line":106,"column":5}},"line":101},"12":{"name":"(anonymous_12)","decl":{"start":{"line":108,"column":4},"end":{"line":108,"column":5}},"loc":{"start":{"line":108,"column":16},"end":{"line":110,"column":5}},"line":108},"13":{"name":"(anonymous_13)","decl":{"start":{"line":120,"column":30},"end":{"line":120,"column":31}},"loc":{"start":{"line":120,"column":42},"end":{"line":129,"column":5}},"line":120},"14":{"name":"(anonymous_14)","decl":{"start":{"line":131,"column":39},"end":{"line":131,"column":40}},"loc":{"start":{"line":131,"column":51},"end":{"line":134,"column":5}},"line":131},"15":{"name":"(anonymous_15)","decl":{"start":{"line":136,"column":16},"end":{"line":136,"column":17}},"loc":{"start":{"line":136,"column":28},"end":{"line":139,"column":5}},"line":136},"16":{"name":"(anonymous_16)","decl":{"start":{"line":141,"column":17},"end":{"line":141,"column":18}},"loc":{"start":{"line":141,"column":29},"end":{"line":144,"column":5}},"line":141},"17":{"name":"(anonymous_17)","decl":{"start":{"line":146,"column":24},"end":{"line":146,"column":25}},"loc":{"start":{"line":146,"column":36},"end":{"line":154,"column":5}},"line":146},"18":{"name":"(anonymous_18)","decl":{"start":{"line":151,"column":31},"end":{"line":151,"column":32}},"loc":{"start":{"line":152,"column":12},"end":{"line":152,"column":73}},"line":152}},"branchMap":{"0":{"loc":{"start":{"line":35,"column":8},"end":{"line":35,"column":52}},"type":"if","locations":[{"start":{"line":35,"column":8},"end":{"line":35,"column":52}},{"start":{},"end":{}}],"line":35},"1":{"loc":{"start":{"line":72,"column":33},"end":{"line":72,"column":60}},"type":"default-arg","locations":[{"start":{"line":72,"column":50},"end":{"line":72,"column":60}}],"line":72},"2":{"loc":{"start":{"line":132,"column":8},"end":{"line":132,"column":39}},"type":"if","locations":[{"start":{"line":132,"column":8},"end":{"line":132,"column":39}},{"start":{},"end":{}}],"line":132},"3":{"loc":{"start":{"line":147,"column":8},"end":{"line":147,"column":42}},"type":"if","locations":[{"start":{"line":147,"column":8},"end":{"line":147,"column":42}},{"start":{},"end":{}}],"line":147},"4":{"loc":{"start":{"line":152,"column":12},"end":{"line":152,"column":73}},"type":"cond-expr","locations":[{"start":{"line":152,"column":62},"end":{"line":152,"column":66}},{"start":{"line":152,"column":69},"end":{"line":152,"column":73}}],"line":152}},"s":{"0":1,"1":1,"2":1,"3":51,"4":47,"5":45,"6":45,"7":45,"8":45,"9":45,"10":45,"11":45,"12":45,"13":4,"14":1,"15":2,"16":2,"17":0,"18":2,"19":2,"20":2,"21":11,"22":6,"23":4,"24":4,"25":4,"26":4,"27":2,"28":2,"29":2,"30":1,"31":14,"32":14,"33":14,"34":14,"35":14,"36":14,"37":14,"38":1,"39":1,"40":1,"41":1,"42":3,"43":2,"44":2,"45":2,"46":1,"47":1,"48":3,"49":3,"50":6,"51":3,"52":3,"53":1,"54":0,"55":1,"56":1,"57":1,"58":1,"59":1,"60":1,"61":0,"62":1,"63":1,"64":1,"65":1},"f":{"0":51,"1":4,"2":1,"3":2,"4":11,"5":2,"6":1,"7":14,"8":1,"9":1,"10":3,"11":2,"12":1,"13":3,"14":1,"15":1,"16":1,"17":1,"18":1},"b":{"0":[0,2],"1":[3],"2":[0,1],"3":[0,1],"4":[0,1]},"_coverageSchema":"1a1c01bbd47fc00a2c39e90264f33305004495a9","hash":"983a4d0e7c53aa91d2971b1e8d2a09e82ceb3817"}
,"/home/phetso/javascript-library-capstone-debug-Phetsodonald/src/storage.js": {"path":"/home/phetso/javascript-library-capstone-debug-Phetsodonald/src/storage.js","statementMap":{"0":{"start":{"line":1,"column":12},"end":{"line":1,"column":21}},"1":{"start":{"line":2,"column":14},"end":{"line":2,"column":16}},"2":{"start":{"line":4,"column":0},"end":{"line":7,"column":2}}},"fnMap":{},"branchMap":{},"s":{"0":1,"1":1,"2":1},"f":{},"b":{},"_coverageSchema":"1a1c01bbd47fc00a2c39e90264f33305004495a9","hash":"56af4b852ae699b33664c52c9c0af3cf21ce5f00"}
,"/home/phetso/javascript-library-capstone-debug-Phetsodonald/src/utils.js": {"path":"/home/phetso/javascript-library-capstone-debug-Phetsodonald/src/utils.js","statementMap":{"0":{"start":{"line":1,"column":27},"end":{"line":1,"column":47}},"1":{"start":{"line":2,"column":27},"end":{"line":2,"column":49}},"2":{"start":{"line":4,"column":23},"end":{"line":14,"column":1}},"3":{"start":{"line":5,"column":29},"end":{"line":5,"column":64}},"4":{"start":{"line":6,"column":29},"end":{"line":6,"column":66}},"5":{"start":{"line":7,"column":29},"end":{"line":7,"column":60}},"6":{"start":{"line":8,"column":21},"end":{"line":8,"column":55}},"7":{"start":{"line":9,"column":25},"end":{"line":9,"column":61}},"8":{"start":{"line":10,"column":27},"end":{"line":10,"column":55}},"9":{"start":{"line":12,"column":28},"end":{"line":12,"column":66}},"10":{"start":{"line":13,"column":32},"end":{"line":13,"column":72}},"11":{"start":{"line":19,"column":8},"end":{"line":21,"column":31}},"12":{"start":{"line":28,"column":4},"end":{"line":28,"column":27}},"13":{"start":{"line":30,"column":17},"end":{"line":30,"column":44}},"14":{"start":{"line":32,"column":4},"end":{"line":32,"column":35}},"15":{"start":{"line":37,"column":4},"end":{"line":41,"column":7}},"16":{"start":{"line":38,"column":8},"end":{"line":40,"column":9}},"17":{"start":{"line":39,"column":12},"end":{"line":39,"column":66}},"18":{"start":{"line":45,"column":4},"end":{"line":45,"column":27}},"19":{"start":{"line":46,"column":25},"end":{"line":46,"column":71}},"20":{"start":{"line":46,"column":48},"end":{"line":46,"column":70}},"21":{"start":{"line":48,"column":4},"end":{"line":50,"column":5}},"22":{"start":{"line":49,"column":8},"end":{"line":49,"column":67}},"23":{"start":{"line":51,"column":4},"end":{"line":51,"column":24}},"24":{"start":{"line":56,"column":4},"end":{"line":60,"column":7}},"25":{"start":{"line":57,"column":8},"end":{"line":59,"column":9}},"26":{"start":{"line":58,"column":12},"end":{"line":58,"column":58}},"27":{"start":{"line":65,"column":4},"end":{"line":69,"column":7}},"28":{"start":{"line":66,"column":8},"end":{"line":68,"column":9}},"29":{"start":{"line":67,"column":12},"end":{"line":67,"column":66}},"30":{"start":{"line":73,"column":4},"end":{"line":77,"column":6}},"31":{"start":{"line":74,"column":8},"end":{"line":76,"column":9}},"32":{"start":{"line":75,"column":12},"end":{"line":75,"column":64}},"33":{"start":{"line":81,"column":4},"end":{"line":85,"column":7}},"34":{"start":{"line":82,"column":8},"end":{"line":84,"column":9}},"35":{"start":{"line":83,"column":12},"end":{"line":83,"column":65}},"36":{"start":{"line":89,"column":4},"end":{"line":89,"column":30}},"37":{"start":{"line":91,"column":18},"end":{"line":91,"column":28}},"38":{"start":{"line":93,"column":4},"end":{"line":108,"column":6}},"39":{"start":{"line":94,"column":8},"end":{"line":107,"column":15}},"40":{"start":{"line":96,"column":37},"end":{"line":99,"column":17}},"41":{"start":{"line":101,"column":16},"end":{"line":101,"column":50}},"42":{"start":{"line":103,"column":28},"end":{"line":107,"column":13}},"43":{"start":{"line":114,"column":4},"end":{"line":114,"column":23}},"44":{"start":{"line":116,"column":16},"end":{"line":116,"column":17}},"45":{"start":{"line":118,"column":4},"end":{"line":124,"column":5}},"46":{"start":{"line":119,"column":21},"end":{"line":119,"column":33}},"47":{"start":{"line":121,"column":8},"end":{"line":121,"column":50}},"48":{"start":{"line":123,"column":8},"end":{"line":123,"column":16}},"49":{"start":{"line":129,"column":4},"end":{"line":129,"column":24}},"50":{"start":{"line":130,"column":4},"end":{"line":130,"column":27}},"51":{"start":{"line":132,"column":4},"end":{"line":134,"column":6}},"52":{"start":{"line":133,"column":16},"end":{"line":133,"column":42}},"53":{"start":{"line":139,"column":4},"end":{"line":139,"column":29}},"54":{"start":{"line":140,"column":4},"end":{"line":140,"column":74}},"55":{"start":{"line":140,"column":46},"end":{"line":140,"column":72}},"56":{"start":{"line":145,"column":4},"end":{"line":145,"column":31}},"57":{"start":{"line":147,"column":4},"end":{"line":149,"column":10}},"58":{"start":{"line":148,"column":8},"end":{"line":148,"column":58}},"59":{"start":{"line":154,"column":4},"end":{"line":154,"column":48}},"60":{"start":{"line":155,"column":4},"end":{"line":155,"column":53}},"61":{"start":{"line":160,"column":4},"end":{"line":170,"column":7}},"62":{"start":{"line":161,"column":8},"end":{"line":163,"column":9}},"63":{"start":{"line":162,"column":12},"end":{"line":162,"column":66}},"64":{"start":{"line":165,"column":8},"end":{"line":167,"column":9}},"65":{"start":{"line":166,"column":12},"end":{"line":166,"column":74}},"66":{"start":{"line":169,"column":8},"end":{"line":169,"column":35}},"67":{"start":{"line":175,"column":4},"end":{"line":181,"column":7}},"68":{"start":{"line":176,"column":8},"end":{"line":178,"column":9}},"69":{"start":{"line":177,"column":12},"end":{"line":177,"column":68}},"70":{"start":{"line":179,"column":8},"end":{"line":179,"column":36}},"71":{"start":{"line":180,"column":8},"end":{"line":180,"column":29}},"72":{"start":{"line":186,"column":4},"end":{"line":186,"column":26}},"73":{"start":{"line":187,"column":44},"end":{"line":187,"column":51}},"74":{"start":{"line":189,"column":4},"end":{"line":189,"column":47}},"75":{"start":{"line":189,"column":28},"end":{"line":189,"column":47}},"76":{"start":{"line":190,"column":4},"end":{"line":190,"column":50}},"77":{"start":{"line":190,"column":29},"end":{"line":190,"column":50}},"78":{"start":{"line":191,"column":4},"end":{"line":191,"column":77}},"79":{"start":{"line":191,"column":38},"end":{"line":191,"column":77}},"80":{"start":{"line":193,"column":4},"end":{"line":193,"column":18}},"81":{"start":{"line":199,"column":4},"end":{"line":213,"column":5}},"82":{"start":{"line":200,"column":8},"end":{"line":200,"column":37}},"83":{"start":{"line":202,"column":23},"end":{"line":202,"column":47}},"84":{"start":{"line":203,"column":21},"end":{"line":203,"column":41}},"85":{"start":{"line":205,"column":8},"end":{"line":205,"column":44}},"86":{"start":{"line":205,"column":31},"end":{"line":205,"column":44}},"87":{"start":{"line":206,"column":8},"end":{"line":206,"column":50}},"88":{"start":{"line":206,"column":37},"end":{"line":206,"column":50}},"89":{"start":{"line":208,"column":8},"end":{"line":208,"column":40}},"90":{"start":{"line":209,"column":8},"end":{"line":209,"column":20}},"91":{"start":{"line":211,"column":8},"end":{"line":211,"column":37}},"92":{"start":{"line":212,"column":8},"end":{"line":212,"column":21}},"93":{"start":{"line":219,"column":4},"end":{"line":219,"column":21}},"94":{"start":{"line":221,"column":19},"end":{"line":221,"column":59}},"95":{"start":{"line":221,"column":42},"end":{"line":221,"column":58}},"96":{"start":{"line":223,"column":4},"end":{"line":225,"column":5}},"97":{"start":{"line":224,"column":8},"end":{"line":224,"column":54}},"98":{"start":{"line":227,"column":4},"end":{"line":227,"column":18}},"99":{"start":{"line":232,"column":4},"end":{"line":232,"column":23}},"100":{"start":{"line":234,"column":17},"end":{"line":234,"column":32}},"101":{"start":{"line":236,"column":4},"end":{"line":238,"column":5}},"102":{"start":{"line":237,"column":8},"end":{"line":237,"column":57}},"103":{"start":{"line":240,"column":4},"end":{"line":240,"column":16}},"104":{"start":{"line":243,"column":0},"end":{"line":266,"column":1}}},"fnMap":{"0":{"name":"(anonymous_0)","decl":{"start":{"line":5,"column":19},"end":{"line":5,"column":20}},"loc":{"start":{"line":5,"column":29},"end":{"line":5,"column":64}},"line":5},"1":{"name":"(anonymous_1)","decl":{"start":{"line":6,"column":19},"end":{"line":6,"column":20}},"loc":{"start":{"line":6,"column":29},"end":{"line":6,"column":66}},"line":6},"2":{"name":"(anonymous_2)","decl":{"start":{"line":7,"column":19},"end":{"line":7,"column":20}},"loc":{"start":{"line":7,"column":29},"end":{"line":7,"column":60}},"line":7},"3":{"name":"(anonymous_3)","decl":{"start":{"line":8,"column":15},"end":{"line":8,"column":16}},"loc":{"start":{"line":8,"column":21},"end":{"line":8,"column":55}},"line":8},"4":{"name":"(anonymous_4)","decl":{"start":{"line":9,"column":17},"end":{"line":9,"column":18}},"loc":{"start":{"line":9,"column":25},"end":{"line":9,"column":61}},"line":9},"5":{"name":"(anonymous_5)","decl":{"start":{"line":10,"column":18},"end":{"line":10,"column":19}},"loc":{"start":{"line":10,"column":27},"end":{"line":10,"column":55}},"line":10},"6":{"name":"(anonymous_6)","decl":{"start":{"line":12,"column":22},"end":{"line":12,"column":23}},"loc":{"start":{"line":12,"column":28},"end":{"line":12,"column":66}},"line":12},"7":{"name":"(anonymous_7)","decl":{"start":{"line":13,"column":24},"end":{"line":13,"column":25}},"loc":{"start":{"line":13,"column":32},"end":{"line":13,"column":72}},"line":13},"8":{"name":"formatBookInfo","decl":{"start":{"line":18,"column":9},"end":{"line":18,"column":23}},"loc":{"start":{"line":18,"column":30},"end":{"line":23,"column":1}},"line":18},"9":{"name":"calculateFineAmount","decl":{"start":{"line":26,"column":9},"end":{"line":26,"column":28}},"loc":{"start":{"line":26,"column":39},"end":{"line":33,"column":1}},"line":26},"10":{"name":"verifyString","decl":{"start":{"line":36,"column":9},"end":{"line":36,"column":21}},"loc":{"start":{"line":36,"column":33},"end":{"line":42,"column":1}},"line":36},"11":{"name":"(anonymous_11)","decl":{"start":{"line":37,"column":20},"end":{"line":37,"column":21}},"loc":{"start":{"line":37,"column":30},"end":{"line":41,"column":5}},"line":37},"12":{"name":"checkMemberExists","decl":{"start":{"line":44,"column":9},"end":{"line":44,"column":26}},"loc":{"start":{"line":44,"column":37},"end":{"line":52,"column":1}},"line":44},"13":{"name":"(anonymous_13)","decl":{"start":{"line":46,"column":38},"end":{"line":46,"column":39}},"loc":{"start":{"line":46,"column":48},"end":{"line":46,"column":70}},"line":46},"14":{"name":"verifyObject","decl":{"start":{"line":55,"column":9},"end":{"line":55,"column":21}},"loc":{"start":{"line":55,"column":34},"end":{"line":61,"column":1}},"line":55},"15":{"name":"(anonymous_15)","decl":{"start":{"line":56,"column":20},"end":{"line":56,"column":21}},"loc":{"start":{"line":56,"column":30},"end":{"line":60,"column":5}},"line":56},"16":{"name":"verifyNumber","decl":{"start":{"line":64,"column":9},"end":{"line":64,"column":21}},"loc":{"start":{"line":64,"column":33},"end":{"line":70,"column":1}},"line":64},"17":{"name":"(anonymous_17)","decl":{"start":{"line":65,"column":20},"end":{"line":65,"column":21}},"loc":{"start":{"line":65,"column":30},"end":{"line":69,"column":5}},"line":65},"18":{"name":"verifyArray","decl":{"start":{"line":72,"column":9},"end":{"line":72,"column":20}},"loc":{"start":{"line":72,"column":32},"end":{"line":78,"column":1}},"line":72},"19":{"name":"(anonymous_19)","decl":{"start":{"line":73,"column":19},"end":{"line":73,"column":20}},"loc":{"start":{"line":73,"column":28},"end":{"line":77,"column":5}},"line":73},"20":{"name":"verifyMap","decl":{"start":{"line":80,"column":9},"end":{"line":80,"column":18}},"loc":{"start":{"line":80,"column":28},"end":{"line":86,"column":1}},"line":80},"21":{"name":"(anonymous_21)","decl":{"start":{"line":81,"column":17},"end":{"line":81,"column":18}},"loc":{"start":{"line":81,"column":24},"end":{"line":85,"column":5}},"line":81},"22":{"name":"findOverdueBooks","decl":{"start":{"line":88,"column":9},"end":{"line":88,"column":25}},"loc":{"start":{"line":88,"column":39},"end":{"line":109,"column":1}},"line":88},"23":{"name":"(anonymous_23)","decl":{"start":{"line":93,"column":39},"end":{"line":93,"column":40}},"loc":{"start":{"line":94,"column":8},"end":{"line":107,"column":15}},"line":94},"24":{"name":"(anonymous_24)","decl":{"start":{"line":95,"column":20},"end":{"line":95,"column":21}},"loc":{"start":{"line":95,"column":30},"end":{"line":102,"column":13}},"line":95},"25":{"name":"(anonymous_25)","decl":{"start":{"line":103,"column":17},"end":{"line":103,"column":18}},"loc":{"start":{"line":103,"column":28},"end":{"line":107,"column":13}},"line":103},"26":{"name":"processReturnQueue","decl":{"start":{"line":112,"column":9},"end":{"line":112,"column":27}},"loc":{"start":{"line":112,"column":35},"end":{"line":125,"column":1}},"line":112},"27":{"name":"searchBooksByCategory","decl":{"start":{"line":128,"column":9},"end":{"line":128,"column":30}},"loc":{"start":{"line":128,"column":51},"end":{"line":135,"column":1}},"line":128},"28":{"name":"(anonymous_28)","decl":{"start":{"line":133,"column":8},"end":{"line":133,"column":9}},"loc":{"start":{"line":133,"column":16},"end":{"line":133,"column":42}},"line":133},"29":{"name":"getBooksByAuthor","decl":{"start":{"line":138,"column":9},"end":{"line":138,"column":25}},"loc":{"start":{"line":138,"column":38},"end":{"line":141,"column":1}},"line":138},"30":{"name":"(anonymous_30)","decl":{"start":{"line":140,"column":38},"end":{"line":140,"column":39}},"loc":{"start":{"line":140,"column":46},"end":{"line":140,"column":72}},"line":140},"31":{"name":"calculateTotalLateFees","decl":{"start":{"line":144,"column":9},"end":{"line":144,"column":31}},"loc":{"start":{"line":144,"column":46},"end":{"line":150,"column":1}},"line":144},"32":{"name":"(anonymous_32)","decl":{"start":{"line":147,"column":44},"end":{"line":147,"column":45}},"loc":{"start":{"line":147,"column":61},"end":{"line":149,"column":5}},"line":147},"33":{"name":"combineBookCollections","decl":{"start":{"line":153,"column":9},"end":{"line":153,"column":31}},"loc":{"start":{"line":153,"column":64},"end":{"line":156,"column":1}},"line":153},"34":{"name":"addMultipleBooks","decl":{"start":{"line":159,"column":9},"end":{"line":159,"column":25}},"loc":{"start":{"line":159,"column":39},"end":{"line":171,"column":1}},"line":159},"35":{"name":"(anonymous_35)","decl":{"start":{"line":160,"column":21},"end":{"line":160,"column":22}},"loc":{"start":{"line":160,"column":29},"end":{"line":170,"column":5}},"line":160},"36":{"name":"addMultipleMembers","decl":{"start":{"line":174,"column":9},"end":{"line":174,"column":27}},"loc":{"start":{"line":174,"column":43},"end":{"line":182,"column":1}},"line":174},"37":{"name":"(anonymous_37)","decl":{"start":{"line":175,"column":23},"end":{"line":175,"column":24}},"loc":{"start":{"line":175,"column":33},"end":{"line":181,"column":5}},"line":175},"38":{"name":"updateMemberInfo","decl":{"start":{"line":185,"column":9},"end":{"line":185,"column":25}},"loc":{"start":{"line":185,"column":43},"end":{"line":194,"column":1}},"line":185},"39":{"name":"borrowBook","decl":{"start":{"line":197,"column":9},"end":{"line":197,"column":19}},"loc":{"start":{"line":197,"column":36},"end":{"line":215,"column":1}},"line":197},"40":{"name":"findMemberById","decl":{"start":{"line":218,"column":9},"end":{"line":218,"column":23}},"loc":{"start":{"line":218,"column":28},"end":{"line":228,"column":1}},"line":218},"41":{"name":"(anonymous_41)","decl":{"start":{"line":221,"column":32},"end":{"line":221,"column":33}},"loc":{"start":{"line":221,"column":42},"end":{"line":221,"column":58}},"line":221},"42":{"name":"findBookByISBN","decl":{"start":{"line":231,"column":9},"end":{"line":231,"column":23}},"loc":{"start":{"line":231,"column":30},"end":{"line":241,"column":1}},"line":231}},"branchMap":{"0":{"loc":{"start":{"line":38,"column":8},"end":{"line":40,"column":9}},"type":"if","locations":[{"start":{"line":38,"column":8},"end":{"line":40,"column":9}},{"start":{},"end":{}}],"line":38},"1":{"loc":{"start":{"line":48,"column":4},"end":{"line":50,"column":5}},"type":"if","locations":[{"start":{"line":48,"column":4},"end":{"line":50,"column":5}},{"start":{},"end":{}}],"line":48},"2":{"loc":{"start":{"line":57,"column":8},"end":{"line":59,"column":9}},"type":"if","locations":[{"start":{"line":57,"column":8},"end":{"line":59,"column":9}},{"start":{},"end":{}}],"line":57},"3":{"loc":{"start":{"line":57,"column":12},"end":{"line":57,"column":57}},"type":"binary-expr","locations":[{"start":{"line":57,"column":12},"end":{"line":57,"column":38}},{"start":{"line":57,"column":42},"end":{"line":57,"column":57}}],"line":57},"4":{"loc":{"start":{"line":66,"column":8},"end":{"line":68,"column":9}},"type":"if","locations":[{"start":{"line":66,"column":8},"end":{"line":68,"column":9}},{"start":{},"end":{}}],"line":66},"5":{"loc":{"start":{"line":66,"column":12},"end":{"line":66,"column":81}},"type":"binary-expr","locations":[{"start":{"line":66,"column":12},"end":{"line":66,"column":38}},{"start":{"line":66,"column":42},"end":{"line":66,"column":67}},{"start":{"line":66,"column":71},"end":{"line":66,"column":81}}],"line":66},"6":{"loc":{"start":{"line":74,"column":8},"end":{"line":76,"column":9}},"type":"if","locations":[{"start":{"line":74,"column":8},"end":{"line":76,"column":9}},{"start":{},"end":{}}],"line":74},"7":{"loc":{"start":{"line":82,"column":8},"end":{"line":84,"column":9}},"type":"if","locations":[{"start":{"line":82,"column":8},"end":{"line":84,"column":9}},{"start":{},"end":{}}],"line":82},"8":{"loc":{"start":{"line":161,"column":8},"end":{"line":163,"column":9}},"type":"if","locations":[{"start":{"line":161,"column":8},"end":{"line":163,"column":9}},{"start":{},"end":{}}],"line":161},"9":{"loc":{"start":{"line":161,"column":12},"end":{"line":161,"column":59}},"type":"binary-expr","locations":[{"start":{"line":161,"column":12},"end":{"line":161,"column":17}},{"start":{"line":161,"column":21},"end":{"line":161,"column":45}},{"start":{"line":161,"column":49},"end":{"line":161,"column":59}}],"line":161},"10":{"loc":{"start":{"line":165,"column":8},"end":{"line":167,"column":9}},"type":"if","locations":[{"start":{"line":165,"column":8},"end":{"line":167,"column":9}},{"start":{},"end":{}}],"line":165},"11":{"loc":{"start":{"line":176,"column":8},"end":{"line":178,"column":9}},"type":"if","locations":[{"start":{"line":176,"column":8},"end":{"line":178,"column":9}},{"start":{},"end":{}}],"line":176},"12":{"loc":{"start":{"line":176,"column":12},"end":{"line":176,"column":63}},"type":"binary-expr","locations":[{"start":{"line":176,"column":12},"end":{"line":176,"column":19}},{"start":{"line":176,"column":23},"end":{"line":176,"column":49}},{"start":{"line":176,"column":53},"end":{"line":176,"column":63}}],"line":176},"13":{"loc":{"start":{"line":189,"column":4},"end":{"line":189,"column":47}},"type":"if","locations":[{"start":{"line":189,"column":4},"end":{"line":189,"column":47}},{"start":{},"end":{}}],"line":189},"14":{"loc":{"start":{"line":190,"column":4},"end":{"line":190,"column":50}},"type":"if","locations":[{"start":{"line":190,"column":4},"end":{"line":190,"column":50}},{"start":{},"end":{}}],"line":190},"15":{"loc":{"start":{"line":191,"column":4},"end":{"line":191,"column":77}},"type":"if","locations":[{"start":{"line":191,"column":4},"end":{"line":191,"column":77}},{"start":{},"end":{}}],"line":191},"16":{"loc":{"start":{"line":205,"column":8},"end":{"line":205,"column":44}},"type":"if","locations":[{"start":{"line":205,"column":8},"end":{"line":205,"column":44}},{"start":{},"end":{}}],"line":205},"17":{"loc":{"start":{"line":206,"column":8},"end":{"line":206,"column":50}},"type":"if","locations":[{"start":{"line":206,"column":8},"end":{"line":206,"column":50}},{"start":{},"end":{}}],"line":206},"18":{"loc":{"start":{"line":223,"column":4},"end":{"line":225,"column":5}},"type":"if","locations":[{"start":{"line":223,"column":4},"end":{"line":225,"column":5}},{"start":{},"end":{}}],"line":223},"19":{"loc":{"start":{"line":236,"column":4},"end":{"line":238,"column":5}},"type":"if","locations":[{"start":{"line":236,"column":4},"end":{"line":238,"column":5}},{"start":{},"end":{}}],"line":236}},"s":{"0":1,"1":1,"2":1,"3":25,"4":10,"5":6,"6":0,"7":0,"8":4,"9":2,"10":2,"11":1,"12":2,"13":1,"14":1,"15":100,"16":329,"17":13,"18":6,"19":6,"20":2,"21":6,"22":1,"23":5,"24":8,"25":8,"26":3,"27":56,"28":107,"29":5,"30":4,"31":6,"32":2,"33":3,"34":3,"35":1,"36":1,"37":1,"38":1,"39":1,"40":1,"41":1,"42":1,"43":1,"44":1,"45":1,"46":3,"47":3,"48":3,"49":2,"50":2,"51":1,"52":3,"53":3,"54":2,"55":4,"56":4,"57":3,"58":4,"59":2,"60":1,"61":17,"62":34,"63":1,"64":33,"65":1,"66":32,"67":4,"68":5,"69":1,"70":4,"71":4,"72":3,"73":2,"74":2,"75":2,"76":2,"77":2,"78":2,"79":1,"80":2,"81":2,"82":2,"83":1,"84":1,"85":1,"86":0,"87":1,"88":0,"89":1,"90":1,"91":1,"92":1,"93":1,"94":1,"95":1,"96":1,"97":0,"98":1,"99":4,"100":3,"101":3,"102":0,"103":3,"104":1},"f":{"0":25,"1":10,"2":6,"3":0,"4":0,"5":4,"6":2,"7":2,"8":1,"9":2,"10":100,"11":329,"12":6,"13":2,"14":8,"15":8,"16":56,"17":107,"18":4,"19":6,"20":3,"21":3,"22":1,"23":1,"24":1,"25":1,"26":1,"27":2,"28":3,"29":3,"30":4,"31":4,"32":4,"33":2,"34":17,"35":34,"36":4,"37":5,"38":3,"39":2,"40":1,"41":1,"42":4},"b":{"0":[13,316],"1":[1,5],"2":[3,5],"3":[8,5],"4":[5,102],"5":[107,105,104],"6":[2,4],"7":[1,2],"8":[1,33],"9":[34,34,33],"10":[1,32],"11":[1,4],"12":[5,5,4],"13":[2,0],"14":[2,0],"15":[1,1],"16":[0,1],"17":[0,1],"18":[0,1],"19":[0,3]},"_coverageSchema":"1a1c01bbd47fc00a2c39e90264f33305004495a9","hash":"26928a8d7bb79da65dc209bb2c816538d200b1e0"}
}
