{"/home/phetso/javascript-library-capstone-debug-Phetsodonald/src/constants.js": {"path":"/home/phetso/javascript-library-capstone-debug-Phetsodonald/src/constants.js","statementMap":{"0":{"start":{"line":1,"column":25},"end":{"line":1,"column":29}},"1":{"start":{"line":2,"column":29},"end":{"line":2,"column":30}},"2":{"start":{"line":4,"column":0},"end":{"line":7,"column":2}}},"fnMap":{},"branchMap":{},"s":{"0":1,"1":1,"2":1},"f":{},"b":{},"_coverageSchema":"1a1c01bbd47fc00a2c39e90264f33305004495a9","hash":"0e127e1931fba7b91fe155ff5013b55876b0f8f6"}
,"/home/phetso/javascript-library-capstone-debug-Phetsodonald/src/library.js": {"path":"/home/phetso/javascript-library-capstone-debug-Phetsodonald/src/library.js","statementMap":{"0":{"start":{"line":1,"column":73},"end":{"line":1,"column":91}},"1":{"start":{"line":2,"column":51},"end":{"line":2,"column":73}},"2":{"start":{"line":3,"column":27},"end":{"line":3,"column":47}},"3":{"start":{"line":9,"column":8},"end":{"line":9,"column":52}},"4":{"start":{"line":10,"column":8},"end":{"line":10,"column":35}},"5":{"start":{"line":12,"column":8},"end":{"line":12,"column":25}},"6":{"start":{"line":13,"column":8},"end":{"line":13,"column":27}},"7":{"start":{"line":14,"column":8},"end":{"line":14,"column":29}},"8":{"start":{"line":15,"column":8},"end":{"line":15,"column":25}},"9":{"start":{"line":16,"column":8},"end":{"line":16,"column":33}},"10":{"start":{"line":18,"column":8},"end":{"line":18,"column":38}},"11":{"start":{"line":19,"column":8},"end":{"line":19,"column":34}},"12":{"start":{"line":21,"column":8},"end":{"line":21,"column":29}},"13":{"start":{"line":25,"column":8},"end":{"line":25,"column":40}},"14":{"start":{"line":29,"column":8},"end":{"line":29,"column":36}},"15":{"start":{"line":33,"column":8},"end":{"line":33,"column":31}},"16":{"start":{"line":35,"column":8},"end":{"line":35,"column":52}},"17":{"start":{"line":35,"column":39},"end":{"line":35,"column":52}},"18":{"start":{"line":37,"column":8},"end":{"line":37,"column":31}},"19":{"start":{"line":39,"column":8},"end":{"line":39,"column":67}},"20":{"start":{"line":40,"column":8},"end":{"line":40,"column":20}},"21":{"start":{"line":48,"column":8},"end":{"line":48,"column":60}},"22":{"start":{"line":49,"column":8},"end":{"line":49,"column":37}},"23":{"start":{"line":51,"column":8},"end":{"line":51,"column":54}},"24":{"start":{"line":53,"column":8},"end":{"line":53,"column":33}},"25":{"start":{"line":54,"column":8},"end":{"line":54,"column":29}},"26":{"start":{"line":55,"column":8},"end":{"line":55,"column":27}},"27":{"start":{"line":59,"column":8},"end":{"line":59,"column":31}},"28":{"start":{"line":60,"column":8},"end":{"line":60,"column":25}},"29":{"start":{"line":61,"column":8},"end":{"line":61,"column":20}},"30":{"start":{"line":65,"column":8},"end":{"line":65,"column":39}},"31":{"start":{"line":73,"column":8},"end":{"line":73,"column":54}},"32":{"start":{"line":75,"column":8},"end":{"line":75,"column":21}},"33":{"start":{"line":76,"column":8},"end":{"line":76,"column":25}},"34":{"start":{"line":77,"column":8},"end":{"line":77,"column":27}},"35":{"start":{"line":78,"column":8},"end":{"line":78,"column":45}},"36":{"start":{"line":79,"column":8},"end":{"line":79,"column":32}},"37":{"start":{"line":80,"column":8},"end":{"line":80,"column":35}},"38":{"start":{"line":84,"column":22},"end":{"line":84,"column":32}},"39":{"start":{"line":85,"column":21},"end":{"line":85,"column":42}},"40":{"start":{"line":86,"column":8},"end":{"line":86,"column":56}},"41":{"start":{"line":90,"column":8},"end":{"line":90,"column":47}},"42":{"start":{"line":94,"column":8},"end":{"line":94,"column":64}},"43":{"start":{"line":102,"column":8},"end":{"line":102,"column":38}},"44":{"start":{"line":104,"column":8},"end":{"line":104,"column":42}},"45":{"start":{"line":105,"column":8},"end":{"line":105,"column":27}},"46":{"start":{"line":109,"column":8},"end":{"line":109,"column":57}},"47":{"start":{"line":115,"column":19},"end":{"line":155,"column":1}},"48":{"start":{"line":121,"column":20},"end":{"line":121,"column":21}},"49":{"start":{"line":123,"column":8},"end":{"line":125,"column":9}},"50":{"start":{"line":124,"column":12},"end":{"line":124,"column":44}},"51":{"start":{"line":127,"column":8},"end":{"line":127,"column":37}},"52":{"start":{"line":128,"column":8},"end":{"line":128,"column":21}},"53":{"start":{"line":132,"column":8},"end":{"line":132,"column":39}},"54":{"start":{"line":132,"column":30},"end":{"line":132,"column":39}},"55":{"start":{"line":133,"column":8},"end":{"line":133,"column":61}},"56":{"start":{"line":137,"column":62},"end":{"line":137,"column":66}},"57":{"start":{"line":138,"column":8},"end":{"line":138,"column":61}},"58":{"start":{"line":142,"column":8},"end":{"line":142,"column":37}},"59":{"start":{"line":143,"column":8},"end":{"line":143,"column":43}},"60":{"start":{"line":147,"column":8},"end":{"line":147,"column":42}},"61":{"start":{"line":147,"column":30},"end":{"line":147,"column":42}},"62":{"start":{"line":149,"column":25},"end":{"line":149,"column":44}},"63":{"start":{"line":151,"column":8},"end":{"line":153,"column":10}},"64":{"start":{"line":152,"column":12},"end":{"line":152,"column":73}},"65":{"start":{"line":158,"column":0},"end":{"line":164,"column":2}}},"fnMap":{"0":{"name":"(anonymous_0)","decl":{"start":{"line":8,"column":4},"end":{"line":8,"column":5}},"loc":{"start":{"line":8,"column":61},"end":{"line":22,"column":5}},"line":8},"1":{"name":"(anonymous_1)","decl":{"start":{"line":24,"column":4},"end":{"line":24,"column":5}},"loc":{"start":{"line":24,"column":24},"end":{"line":26,"column":5}},"line":24},"2":{"name":"(anonymous_2)","decl":{"start":{"line":28,"column":4},"end":{"line":28,"column":5}},"loc":{"start":{"line":28,"column":18},"end":{"line":30,"column":5}},"line":28},"3":{"name":"(anonymous_3)","decl":{"start":{"line":32,"column":4},"end":{"line":32,"column":5}},"loc":{"start":{"line":32,"column":23},"end":{"line":41,"column":5}},"line":32},"4":{"name":"(anonymous_4)","decl":{"start":{"line":47,"column":4},"end":{"line":47,"column":5}},"loc":{"start":{"line":47,"column":71},"end":{"line":56,"column":5}},"line":47},"5":{"name":"(anonymous_5)","decl":{"start":{"line":58,"column":4},"end":{"line":58,"column":5}},"loc":{"start":{"line":58,"column":23},"end":{"line":62,"column":5}},"line":58},"6":{"name":"(anonymous_6)","decl":{"start":{"line":64,"column":4},"end":{"line":64,"column":5}},"loc":{"start":{"line":64,"column":23},"end":{"line":66,"column":5}},"line":64},"7":{"name":"(anonymous_7)","decl":{"start":{"line":72,"column":4},"end":{"line":72,"column":5}},"loc":{"start":{"line":72,"column":62},"end":{"line":81,"column":5}},"line":72},"8":{"name":"(anonymous_8)","decl":{"start":{"line":83,"column":4},"end":{"line":83,"column":5}},"loc":{"start":{"line":83,"column":25},"end":{"line":87,"column":5}},"line":83},"9":{"name":"(anonymous_9)","decl":{"start":{"line":89,"column":4},"end":{"line":89,"column":5}},"loc":{"start":{"line":89,"column":34},"end":{"line":91,"column":5}},"line":89},"10":{"name":"(anonymous_10)","decl":{"start":{"line":93,"column":4},"end":{"line":93,"column":5}},"loc":{"start":{"line":93,"column":16},"end":{"line":95,"column":5}},"line":93},"11":{"name":"(anonymous_11)","decl":{"start":{"line":101,"column":4},"end":{"line":101,"column":5}},"loc":{"start":{"line":101,"column":33},"end":{"line":106,"column":5}},"line":101},"12":{"name":"(anonymous_12)","decl":{"start":{"line":108,"column":4},"end":{"line":108,"column":5}},"loc":{"start":{"line":108,"column":16},"end":{"line":110,"column":5}},"line":108},"13":{"name":"(anonymous_13)","decl":{"start":{"line":120,"column":30},"end":{"line":120,"column":31}},"loc":{"start":{"line":120,"column":42},"end":{"line":129,"column":5}},"line":120},"14":{"name":"(anonymous_14)","decl":{"start":{"line":131,"column":39},"end":{"line":131,"column":40}},"loc":{"start":{"line":131,"column":51},"end":{"line":134,"column":5}},"line":131},"15":{"name":"(anonymous_15)","decl":{"start":{"line":136,"column":16},"end":{"line":136,"column":17}},"loc":{"start":{"line":136,"column":28},"end":{"line":139,"column":5}},"line":136},"16":{"name":"(anonymous_16)","decl":{"start":{"line":141,"column":17},"end":{"line":141,"column":18}},"loc":{"start":{"line":141,"column":29},"end":{"line":144,"column":5}},"line":141},"17":{"name":"(anonymous_17)","decl":{"start":{"line":146,"column":24},"end":{"line":146,"column":25}},"loc":{"start":{"line":146,"column":36},"end":{"line":154,"column":5}},"line":146},"18":{"name":"(anonymous_18)","decl":{"start":{"line":151,"column":31},"end":{"line":151,"column":32}},"loc":{"start":{"line":152,"column":12},"end":{"line":152,"column":73}},"line":152}},"branchMap":{"0":{"loc":{"start":{"line":35,"column":8},"end":{"line":35,"column":52}},"type":"if","locations":[{"start":{"line":35,"column":8},"end":{"line":35,"column":52}},{"start":{},"end":{}}],"line":35},"1":{"loc":{"start":{"line":72,"column":33},"end":{"line":72,"column":60}},"type":"default-arg","locations":[{"start":{"line":72,"column":50},"end":{"line":72,"column":60}}],"line":72},"2":{"loc":{"start":{"line":132,"column":8},"end":{"line":132,"column":39}},"type":"if","locations":[{"start":{"line":132,"column":8},"end":{"line":132,"column":39}},{"start":{},"end":{}}],"line":132},"3":{"loc":{"start":{"line":147,"column":8},"end":{"line":147,"column":42}},"type":"if","locations":[{"start":{"line":147,"column":8},"end":{"line":147,"column":42}},{"start":{},"end":{}}],"line":147},"4":{"loc":{"start":{"line":152,"column":12},"end":{"line":152,"column":73}},"type":"cond-expr","locations":[{"start":{"line":152,"column":62},"end":{"line":152,"column":66}},{"start":{"line":152,"column":69},"end":{"line":152,"column":73}}],"line":152}},"s":{"0":1,"1":1,"2":1,"3":27,"4":23,"5":21,"6":21,"7":21,"8":21,"9":21,"10":21,"11":21,"12":21,"13":3,"14":1,"15":1,"16":1,"17":0,"18":1,"19":1,"20":1,"21":11,"22":6,"23":4,"24":4,"25":4,"26":4,"27":2,"28":2,"29":2,"30":1,"31":9,"32":9,"33":9,"34":9,"35":9,"36":9,"37":9,"38":1,"39":1,"40":1,"41":1,"42":2,"43":2,"44":2,"45":2,"46":1,"47":1,"48":0,"49":0,"50":0,"51":0,"52":0,"53":0,"54":0,"55":0,"56":0,"57":0,"58":0,"59":0,"60":0,"61":0,"62":0,"63":0,"64":0,"65":1},"f":{"0":27,"1":3,"2":1,"3":1,"4":11,"5":2,"6":1,"7":9,"8":1,"9":1,"10":2,"11":2,"12":1,"13":0,"14":0,"15":0,"16":0,"17":0,"18":0},"b":{"0":[0,1],"1":[3],"2":[0,0],"3":[0,0],"4":[0,0]},"_coverageSchema":"1a1c01bbd47fc00a2c39e90264f33305004495a9","hash":"983a4d0e7c53aa91d2971b1e8d2a09e82ceb3817"}
,"/home/phetso/javascript-library-capstone-debug-Phetsodonald/src/storage.js": {"path":"/home/phetso/javascript-library-capstone-debug-Phetsodonald/src/storage.js","statementMap":{"0":{"start":{"line":1,"column":12},"end":{"line":1,"column":21}},"1":{"start":{"line":2,"column":14},"end":{"line":2,"column":16}},"2":{"start":{"line":4,"column":0},"end":{"line":7,"column":2}}},"fnMap":{},"branchMap":{},"s":{"0":1,"1":1,"2":1},"f":{},"b":{},"_coverageSchema":"1a1c01bbd47fc00a2c39e90264f33305004495a9","hash":"56af4b852ae699b33664c52c9c0af3cf21ce5f00"}
,"/home/phetso/javascript-library-capstone-debug-Phetsodonald/src/utils.js": {"path":"/home/phetso/javascript-library-capstone-debug-Phetsodonald/src/utils.js","statementMap":{"0":{"start":{"line":1,"column":27},"end":{"line":1,"column":47}},"1":{"start":{"line":3,"column":23},"end":{"line":13,"column":1}},"2":{"start":{"line":4,"column":29},"end":{"line":4,"column":64}},"3":{"start":{"line":5,"column":29},"end":{"line":5,"column":66}},"4":{"start":{"line":6,"column":29},"end":{"line":6,"column":60}},"5":{"start":{"line":7,"column":21},"end":{"line":7,"column":55}},"6":{"start":{"line":8,"column":25},"end":{"line":8,"column":61}},"7":{"start":{"line":9,"column":27},"end":{"line":9,"column":55}},"8":{"start":{"line":11,"column":28},"end":{"line":11,"column":66}},"9":{"start":{"line":12,"column":32},"end":{"line":12,"column":72}},"10":{"start":{"line":18,"column":8},"end":{"line":20,"column":31}},"11":{"start":{"line":27,"column":4},"end":{"line":27,"column":27}},"12":{"start":{"line":29,"column":17},"end":{"line":29,"column":44}},"13":{"start":{"line":31,"column":4},"end":{"line":31,"column":35}},"14":{"start":{"line":36,"column":4},"end":{"line":40,"column":7}},"15":{"start":{"line":37,"column":8},"end":{"line":39,"column":9}},"16":{"start":{"line":38,"column":12},"end":{"line":38,"column":66}},"17":{"start":{"line":44,"column":25},"end":{"line":44,"column":71}},"18":{"start":{"line":44,"column":48},"end":{"line":44,"column":70}},"19":{"start":{"line":46,"column":4},"end":{"line":48,"column":5}},"20":{"start":{"line":47,"column":8},"end":{"line":47,"column":67}},"21":{"start":{"line":53,"column":4},"end":{"line":57,"column":7}},"22":{"start":{"line":54,"column":8},"end":{"line":56,"column":9}},"23":{"start":{"line":55,"column":12},"end":{"line":55,"column":58}},"24":{"start":{"line":62,"column":4},"end":{"line":66,"column":7}},"25":{"start":{"line":63,"column":8},"end":{"line":65,"column":9}},"26":{"start":{"line":64,"column":12},"end":{"line":64,"column":66}},"27":{"start":{"line":70,"column":4},"end":{"line":74,"column":6}},"28":{"start":{"line":71,"column":8},"end":{"line":73,"column":9}},"29":{"start":{"line":72,"column":12},"end":{"line":72,"column":64}},"30":{"start":{"line":78,"column":4},"end":{"line":82,"column":7}},"31":{"start":{"line":79,"column":8},"end":{"line":81,"column":9}},"32":{"start":{"line":80,"column":12},"end":{"line":80,"column":65}},"33":{"start":{"line":86,"column":4},"end":{"line":86,"column":30}},"34":{"start":{"line":88,"column":18},"end":{"line":88,"column":28}},"35":{"start":{"line":90,"column":4},"end":{"line":105,"column":6}},"36":{"start":{"line":91,"column":8},"end":{"line":104,"column":15}},"37":{"start":{"line":93,"column":37},"end":{"line":96,"column":17}},"38":{"start":{"line":98,"column":16},"end":{"line":98,"column":50}},"39":{"start":{"line":100,"column":28},"end":{"line":104,"column":13}},"40":{"start":{"line":111,"column":4},"end":{"line":111,"column":23}},"41":{"start":{"line":113,"column":16},"end":{"line":113,"column":17}},"42":{"start":{"line":115,"column":4},"end":{"line":121,"column":5}},"43":{"start":{"line":116,"column":21},"end":{"line":116,"column":33}},"44":{"start":{"line":118,"column":8},"end":{"line":118,"column":50}},"45":{"start":{"line":120,"column":8},"end":{"line":120,"column":16}},"46":{"start":{"line":126,"column":4},"end":{"line":126,"column":24}},"47":{"start":{"line":127,"column":4},"end":{"line":127,"column":27}},"48":{"start":{"line":129,"column":4},"end":{"line":131,"column":6}},"49":{"start":{"line":130,"column":16},"end":{"line":130,"column":42}},"50":{"start":{"line":136,"column":4},"end":{"line":136,"column":29}},"51":{"start":{"line":137,"column":4},"end":{"line":137,"column":74}},"52":{"start":{"line":137,"column":46},"end":{"line":137,"column":72}},"53":{"start":{"line":142,"column":4},"end":{"line":142,"column":31}},"54":{"start":{"line":144,"column":4},"end":{"line":146,"column":10}},"55":{"start":{"line":145,"column":8},"end":{"line":145,"column":58}},"56":{"start":{"line":151,"column":4},"end":{"line":151,"column":48}},"57":{"start":{"line":152,"column":4},"end":{"line":152,"column":53}},"58":{"start":{"line":157,"column":4},"end":{"line":167,"column":7}},"59":{"start":{"line":158,"column":8},"end":{"line":160,"column":9}},"60":{"start":{"line":159,"column":12},"end":{"line":159,"column":66}},"61":{"start":{"line":162,"column":8},"end":{"line":164,"column":9}},"62":{"start":{"line":163,"column":12},"end":{"line":163,"column":74}},"63":{"start":{"line":166,"column":8},"end":{"line":166,"column":35}},"64":{"start":{"line":172,"column":4},"end":{"line":178,"column":7}},"65":{"start":{"line":173,"column":8},"end":{"line":175,"column":9}},"66":{"start":{"line":174,"column":12},"end":{"line":174,"column":68}},"67":{"start":{"line":176,"column":8},"end":{"line":176,"column":30}},"68":{"start":{"line":177,"column":8},"end":{"line":177,"column":29}},"69":{"start":{"line":183,"column":4},"end":{"line":183,"column":26}},"70":{"start":{"line":184,"column":44},"end":{"line":184,"column":51}},"71":{"start":{"line":186,"column":4},"end":{"line":186,"column":47}},"72":{"start":{"line":186,"column":28},"end":{"line":186,"column":47}},"73":{"start":{"line":187,"column":4},"end":{"line":187,"column":50}},"74":{"start":{"line":187,"column":29},"end":{"line":187,"column":50}},"75":{"start":{"line":188,"column":4},"end":{"line":188,"column":77}},"76":{"start":{"line":188,"column":38},"end":{"line":188,"column":77}},"77":{"start":{"line":190,"column":4},"end":{"line":190,"column":18}},"78":{"start":{"line":196,"column":4},"end":{"line":210,"column":5}},"79":{"start":{"line":197,"column":8},"end":{"line":197,"column":37}},"80":{"start":{"line":199,"column":23},"end":{"line":199,"column":47}},"81":{"start":{"line":200,"column":21},"end":{"line":200,"column":41}},"82":{"start":{"line":202,"column":8},"end":{"line":202,"column":44}},"83":{"start":{"line":202,"column":31},"end":{"line":202,"column":44}},"84":{"start":{"line":203,"column":8},"end":{"line":203,"column":50}},"85":{"start":{"line":203,"column":37},"end":{"line":203,"column":50}},"86":{"start":{"line":205,"column":8},"end":{"line":205,"column":40}},"87":{"start":{"line":206,"column":8},"end":{"line":206,"column":20}},"88":{"start":{"line":208,"column":8},"end":{"line":208,"column":37}},"89":{"start":{"line":209,"column":8},"end":{"line":209,"column":21}},"90":{"start":{"line":216,"column":4},"end":{"line":216,"column":21}},"91":{"start":{"line":218,"column":19},"end":{"line":218,"column":59}},"92":{"start":{"line":218,"column":42},"end":{"line":218,"column":58}},"93":{"start":{"line":220,"column":4},"end":{"line":222,"column":5}},"94":{"start":{"line":221,"column":8},"end":{"line":221,"column":54}},"95":{"start":{"line":224,"column":4},"end":{"line":224,"column":18}},"96":{"start":{"line":229,"column":4},"end":{"line":229,"column":23}},"97":{"start":{"line":231,"column":17},"end":{"line":231,"column":32}},"98":{"start":{"line":233,"column":4},"end":{"line":235,"column":5}},"99":{"start":{"line":234,"column":8},"end":{"line":234,"column":57}},"100":{"start":{"line":237,"column":4},"end":{"line":237,"column":16}},"101":{"start":{"line":240,"column":0},"end":{"line":263,"column":1}}},"fnMap":{"0":{"name":"(anonymous_0)","decl":{"start":{"line":4,"column":19},"end":{"line":4,"column":20}},"loc":{"start":{"line":4,"column":29},"end":{"line":4,"column":64}},"line":4},"1":{"name":"(anonymous_1)","decl":{"start":{"line":5,"column":19},"end":{"line":5,"column":20}},"loc":{"start":{"line":5,"column":29},"end":{"line":5,"column":66}},"line":5},"2":{"name":"(anonymous_2)","decl":{"start":{"line":6,"column":19},"end":{"line":6,"column":20}},"loc":{"start":{"line":6,"column":29},"end":{"line":6,"column":60}},"line":6},"3":{"name":"(anonymous_3)","decl":{"start":{"line":7,"column":15},"end":{"line":7,"column":16}},"loc":{"start":{"line":7,"column":21},"end":{"line":7,"column":55}},"line":7},"4":{"name":"(anonymous_4)","decl":{"start":{"line":8,"column":17},"end":{"line":8,"column":18}},"loc":{"start":{"line":8,"column":25},"end":{"line":8,"column":61}},"line":8},"5":{"name":"(anonymous_5)","decl":{"start":{"line":9,"column":18},"end":{"line":9,"column":19}},"loc":{"start":{"line":9,"column":27},"end":{"line":9,"column":55}},"line":9},"6":{"name":"(anonymous_6)","decl":{"start":{"line":11,"column":22},"end":{"line":11,"column":23}},"loc":{"start":{"line":11,"column":28},"end":{"line":11,"column":66}},"line":11},"7":{"name":"(anonymous_7)","decl":{"start":{"line":12,"column":24},"end":{"line":12,"column":25}},"loc":{"start":{"line":12,"column":32},"end":{"line":12,"column":72}},"line":12},"8":{"name":"formatBookInfo","decl":{"start":{"line":17,"column":9},"end":{"line":17,"column":23}},"loc":{"start":{"line":17,"column":30},"end":{"line":22,"column":1}},"line":17},"9":{"name":"calculateFineAmount","decl":{"start":{"line":25,"column":9},"end":{"line":25,"column":28}},"loc":{"start":{"line":25,"column":39},"end":{"line":32,"column":1}},"line":25},"10":{"name":"verifyString","decl":{"start":{"line":35,"column":9},"end":{"line":35,"column":21}},"loc":{"start":{"line":35,"column":33},"end":{"line":41,"column":1}},"line":35},"11":{"name":"(anonymous_11)","decl":{"start":{"line":36,"column":20},"end":{"line":36,"column":21}},"loc":{"start":{"line":36,"column":30},"end":{"line":40,"column":5}},"line":36},"12":{"name":"checkMember","decl":{"start":{"line":43,"column":9},"end":{"line":43,"column":20}},"loc":{"start":{"line":43,"column":31},"end":{"line":49,"column":1}},"line":43},"13":{"name":"(anonymous_13)","decl":{"start":{"line":44,"column":38},"end":{"line":44,"column":39}},"loc":{"start":{"line":44,"column":48},"end":{"line":44,"column":70}},"line":44},"14":{"name":"verifyObject","decl":{"start":{"line":52,"column":9},"end":{"line":52,"column":21}},"loc":{"start":{"line":52,"column":34},"end":{"line":58,"column":1}},"line":52},"15":{"name":"(anonymous_15)","decl":{"start":{"line":53,"column":20},"end":{"line":53,"column":21}},"loc":{"start":{"line":53,"column":30},"end":{"line":57,"column":5}},"line":53},"16":{"name":"verifyNumber","decl":{"start":{"line":61,"column":9},"end":{"line":61,"column":21}},"loc":{"start":{"line":61,"column":33},"end":{"line":67,"column":1}},"line":61},"17":{"name":"(anonymous_17)","decl":{"start":{"line":62,"column":20},"end":{"line":62,"column":21}},"loc":{"start":{"line":62,"column":30},"end":{"line":66,"column":5}},"line":62},"18":{"name":"verifyArray","decl":{"start":{"line":69,"column":9},"end":{"line":69,"column":20}},"loc":{"start":{"line":69,"column":32},"end":{"line":75,"column":1}},"line":69},"19":{"name":"(anonymous_19)","decl":{"start":{"line":70,"column":19},"end":{"line":70,"column":20}},"loc":{"start":{"line":70,"column":28},"end":{"line":74,"column":5}},"line":70},"20":{"name":"verifyMap","decl":{"start":{"line":77,"column":9},"end":{"line":77,"column":18}},"loc":{"start":{"line":77,"column":28},"end":{"line":83,"column":1}},"line":77},"21":{"name":"(anonymous_21)","decl":{"start":{"line":78,"column":17},"end":{"line":78,"column":18}},"loc":{"start":{"line":78,"column":24},"end":{"line":82,"column":5}},"line":78},"22":{"name":"findOverdueBooks","decl":{"start":{"line":85,"column":9},"end":{"line":85,"column":25}},"loc":{"start":{"line":85,"column":39},"end":{"line":106,"column":1}},"line":85},"23":{"name":"(anonymous_23)","decl":{"start":{"line":90,"column":39},"end":{"line":90,"column":40}},"loc":{"start":{"line":91,"column":8},"end":{"line":104,"column":15}},"line":91},"24":{"name":"(anonymous_24)","decl":{"start":{"line":92,"column":20},"end":{"line":92,"column":21}},"loc":{"start":{"line":92,"column":30},"end":{"line":99,"column":13}},"line":92},"25":{"name":"(anonymous_25)","decl":{"start":{"line":100,"column":17},"end":{"line":100,"column":18}},"loc":{"start":{"line":100,"column":28},"end":{"line":104,"column":13}},"line":100},"26":{"name":"processReturnQueue","decl":{"start":{"line":109,"column":9},"end":{"line":109,"column":27}},"loc":{"start":{"line":109,"column":35},"end":{"line":122,"column":1}},"line":109},"27":{"name":"searchBooksByCategory","decl":{"start":{"line":125,"column":9},"end":{"line":125,"column":30}},"loc":{"start":{"line":125,"column":51},"end":{"line":132,"column":1}},"line":125},"28":{"name":"(anonymous_28)","decl":{"start":{"line":130,"column":8},"end":{"line":130,"column":9}},"loc":{"start":{"line":130,"column":16},"end":{"line":130,"column":42}},"line":130},"29":{"name":"getBooksByAuthor","decl":{"start":{"line":135,"column":9},"end":{"line":135,"column":25}},"loc":{"start":{"line":135,"column":38},"end":{"line":138,"column":1}},"line":135},"30":{"name":"(anonymous_30)","decl":{"start":{"line":137,"column":38},"end":{"line":137,"column":39}},"loc":{"start":{"line":137,"column":46},"end":{"line":137,"column":72}},"line":137},"31":{"name":"calculateTotalLateFees","decl":{"start":{"line":141,"column":9},"end":{"line":141,"column":31}},"loc":{"start":{"line":141,"column":46},"end":{"line":147,"column":1}},"line":141},"32":{"name":"(anonymous_32)","decl":{"start":{"line":144,"column":44},"end":{"line":144,"column":45}},"loc":{"start":{"line":144,"column":61},"end":{"line":146,"column":5}},"line":144},"33":{"name":"combineBookCollections","decl":{"start":{"line":150,"column":9},"end":{"line":150,"column":31}},"loc":{"start":{"line":150,"column":64},"end":{"line":153,"column":1}},"line":150},"34":{"name":"addMultipleBooks","decl":{"start":{"line":156,"column":9},"end":{"line":156,"column":25}},"loc":{"start":{"line":156,"column":39},"end":{"line":168,"column":1}},"line":156},"35":{"name":"(anonymous_35)","decl":{"start":{"line":157,"column":21},"end":{"line":157,"column":22}},"loc":{"start":{"line":157,"column":29},"end":{"line":167,"column":5}},"line":157},"36":{"name":"addMultipleMembers","decl":{"start":{"line":171,"column":9},"end":{"line":171,"column":27}},"loc":{"start":{"line":171,"column":43},"end":{"line":179,"column":1}},"line":171},"37":{"name":"(anonymous_37)","decl":{"start":{"line":172,"column":23},"end":{"line":172,"column":24}},"loc":{"start":{"line":172,"column":33},"end":{"line":178,"column":5}},"line":172},"38":{"name":"updateMemberInfo","decl":{"start":{"line":182,"column":9},"end":{"line":182,"column":25}},"loc":{"start":{"line":182,"column":43},"end":{"line":191,"column":1}},"line":182},"39":{"name":"borrowBook","decl":{"start":{"line":194,"column":9},"end":{"line":194,"column":19}},"loc":{"start":{"line":194,"column":36},"end":{"line":212,"column":1}},"line":194},"40":{"name":"findMemberById","decl":{"start":{"line":215,"column":9},"end":{"line":215,"column":23}},"loc":{"start":{"line":215,"column":28},"end":{"line":225,"column":1}},"line":215},"41":{"name":"(anonymous_41)","decl":{"start":{"line":218,"column":32},"end":{"line":218,"column":33}},"loc":{"start":{"line":218,"column":42},"end":{"line":218,"column":58}},"line":218},"42":{"name":"findBookByISBN","decl":{"start":{"line":228,"column":9},"end":{"line":228,"column":23}},"loc":{"start":{"line":228,"column":30},"end":{"line":238,"column":1}},"line":228}},"branchMap":{"0":{"loc":{"start":{"line":37,"column":8},"end":{"line":39,"column":9}},"type":"if","locations":[{"start":{"line":37,"column":8},"end":{"line":39,"column":9}},{"start":{},"end":{}}],"line":37},"1":{"loc":{"start":{"line":46,"column":4},"end":{"line":48,"column":5}},"type":"if","locations":[{"start":{"line":46,"column":4},"end":{"line":48,"column":5}},{"start":{},"end":{}}],"line":46},"2":{"loc":{"start":{"line":54,"column":8},"end":{"line":56,"column":9}},"type":"if","locations":[{"start":{"line":54,"column":8},"end":{"line":56,"column":9}},{"start":{},"end":{}}],"line":54},"3":{"loc":{"start":{"line":54,"column":12},"end":{"line":54,"column":57}},"type":"binary-expr","locations":[{"start":{"line":54,"column":12},"end":{"line":54,"column":38}},{"start":{"line":54,"column":42},"end":{"line":54,"column":57}}],"line":54},"4":{"loc":{"start":{"line":63,"column":8},"end":{"line":65,"column":9}},"type":"if","locations":[{"start":{"line":63,"column":8},"end":{"line":65,"column":9}},{"start":{},"end":{}}],"line":63},"5":{"loc":{"start":{"line":63,"column":12},"end":{"line":63,"column":81}},"type":"binary-expr","locations":[{"start":{"line":63,"column":12},"end":{"line":63,"column":38}},{"start":{"line":63,"column":42},"end":{"line":63,"column":67}},{"start":{"line":63,"column":71},"end":{"line":63,"column":81}}],"line":63},"6":{"loc":{"start":{"line":71,"column":8},"end":{"line":73,"column":9}},"type":"if","locations":[{"start":{"line":71,"column":8},"end":{"line":73,"column":9}},{"start":{},"end":{}}],"line":71},"7":{"loc":{"start":{"line":79,"column":8},"end":{"line":81,"column":9}},"type":"if","locations":[{"start":{"line":79,"column":8},"end":{"line":81,"column":9}},{"start":{},"end":{}}],"line":79},"8":{"loc":{"start":{"line":158,"column":8},"end":{"line":160,"column":9}},"type":"if","locations":[{"start":{"line":158,"column":8},"end":{"line":160,"column":9}},{"start":{},"end":{}}],"line":158},"9":{"loc":{"start":{"line":158,"column":12},"end":{"line":158,"column":59}},"type":"binary-expr","locations":[{"start":{"line":158,"column":12},"end":{"line":158,"column":17}},{"start":{"line":158,"column":21},"end":{"line":158,"column":45}},{"start":{"line":158,"column":49},"end":{"line":158,"column":59}}],"line":158},"10":{"loc":{"start":{"line":162,"column":8},"end":{"line":164,"column":9}},"type":"if","locations":[{"start":{"line":162,"column":8},"end":{"line":164,"column":9}},{"start":{},"end":{}}],"line":162},"11":{"loc":{"start":{"line":173,"column":8},"end":{"line":175,"column":9}},"type":"if","locations":[{"start":{"line":173,"column":8},"end":{"line":175,"column":9}},{"start":{},"end":{}}],"line":173},"12":{"loc":{"start":{"line":186,"column":4},"end":{"line":186,"column":47}},"type":"if","locations":[{"start":{"line":186,"column":4},"end":{"line":186,"column":47}},{"start":{},"end":{}}],"line":186},"13":{"loc":{"start":{"line":187,"column":4},"end":{"line":187,"column":50}},"type":"if","locations":[{"start":{"line":187,"column":4},"end":{"line":187,"column":50}},{"start":{},"end":{}}],"line":187},"14":{"loc":{"start":{"line":188,"column":4},"end":{"line":188,"column":77}},"type":"if","locations":[{"start":{"line":188,"column":4},"end":{"line":188,"column":77}},{"start":{},"end":{}}],"line":188},"15":{"loc":{"start":{"line":202,"column":8},"end":{"line":202,"column":44}},"type":"if","locations":[{"start":{"line":202,"column":8},"end":{"line":202,"column":44}},{"start":{},"end":{}}],"line":202},"16":{"loc":{"start":{"line":203,"column":8},"end":{"line":203,"column":50}},"type":"if","locations":[{"start":{"line":203,"column":8},"end":{"line":203,"column":50}},{"start":{},"end":{}}],"line":203},"17":{"loc":{"start":{"line":220,"column":4},"end":{"line":222,"column":5}},"type":"if","locations":[{"start":{"line":220,"column":4},"end":{"line":222,"column":5}},{"start":{},"end":{}}],"line":220},"18":{"loc":{"start":{"line":233,"column":4},"end":{"line":235,"column":5}},"type":"if","locations":[{"start":{"line":233,"column":4},"end":{"line":235,"column":5}},{"start":{},"end":{}}],"line":233}},"s":{"0":1,"1":1,"2":22,"3":8,"4":0,"5":0,"6":0,"7":0,"8":0,"9":0,"10":1,"11":0,"12":0,"13":0,"14":58,"15":198,"16":11,"17":0,"18":0,"19":0,"20":0,"21":1,"22":1,"23":0,"24":29,"25":56,"26":4,"27":0,"28":0,"29":0,"30":0,"31":0,"32":0,"33":0,"34":0,"35":0,"36":0,"37":0,"38":0,"39":0,"40":0,"41":0,"42":0,"43":0,"44":0,"45":0,"46":0,"47":0,"48":0,"49":0,"50":3,"51":2,"52":4,"53":0,"54":0,"55":0,"56":0,"57":0,"58":5,"59":10,"60":0,"61":10,"62":0,"63":10,"64":0,"65":0,"66":0,"67":0,"68":0,"69":1,"70":1,"71":1,"72":1,"73":1,"74":1,"75":1,"76":0,"77":1,"78":0,"79":0,"80":0,"81":0,"82":0,"83":0,"84":0,"85":0,"86":0,"87":0,"88":0,"89":0,"90":0,"91":0,"92":0,"93":0,"94":0,"95":0,"96":3,"97":2,"98":2,"99":0,"100":2,"101":1},"f":{"0":22,"1":8,"2":0,"3":0,"4":0,"5":0,"6":0,"7":0,"8":1,"9":0,"10":58,"11":198,"12":0,"13":0,"14":1,"15":1,"16":29,"17":56,"18":0,"19":0,"20":0,"21":0,"22":0,"23":0,"24":0,"25":0,"26":0,"27":0,"28":0,"29":3,"30":4,"31":0,"32":0,"33":0,"34":5,"35":10,"36":0,"37":0,"38":1,"39":0,"40":0,"41":0,"42":3},"b":{"0":[11,187],"1":[0,0],"2":[0,1],"3":[1,1],"4":[4,52],"5":[56,55,54],"6":[0,0],"7":[0,0],"8":[0,10],"9":[10,10,10],"10":[0,10],"11":[0,0],"12":[1,0],"13":[1,0],"14":[0,1],"15":[0,0],"16":[0,0],"17":[0,0],"18":[0,2]},"_coverageSchema":"1a1c01bbd47fc00a2c39e90264f33305004495a9","hash":"338a18c56266dc9dfa2dddefbbf353b3ed8b97a3"}
}
