TN:
SF:src/constants.js
FNF:0
FNH:0
DA:1,1
DA:2,1
DA:4,1
LF:3
LH:3
BRF:0
BRH:0
end_of_record
TN:
SF:src/library.js
FN:8,(anonymous_0)
FN:24,(anonymous_1)
FN:28,(anonymous_2)
FN:32,(anonymous_3)
FN:47,(anonymous_4)
FN:58,(anonymous_5)
FN:64,(anonymous_6)
FN:72,(anonymous_7)
FN:83,(anonymous_8)
FN:89,(anonymous_9)
FN:93,(anonymous_10)
FN:101,(anonymous_11)
FN:108,(anonymous_12)
FN:120,(anonymous_13)
FN:131,(anonymous_14)
FN:136,(anonymous_15)
FN:141,(anonymous_16)
FN:146,(anonymous_17)
FN:151,(anonymous_18)
FNF:19
FNH:19
FNDA:45,(anonymous_0)
FNDA:3,(anonymous_1)
FNDA:1,(anonymous_2)
FNDA:1,(anonymous_3)
FNDA:11,(anonymous_4)
FNDA:2,(anonymous_5)
FNDA:1,(anonymous_6)
FNDA:10,(anonymous_7)
FNDA:1,(anonymous_8)
FNDA:1,(anonymous_9)
FNDA:2,(anonymous_10)
FNDA:2,(anonymous_11)
FNDA:1,(anonymous_12)
FNDA:3,(anonymous_13)
FNDA:1,(anonymous_14)
FNDA:1,(anonymous_15)
FNDA:1,(anonymous_16)
FNDA:1,(anonymous_17)
FNDA:1,(anonymous_18)
DA:1,1
DA:2,1
DA:3,1
DA:9,45
DA:10,41
DA:12,39
DA:13,39
DA:14,39
DA:15,39
DA:16,39
DA:18,39
DA:19,39
DA:21,39
DA:25,3
DA:29,1
DA:33,1
DA:35,1
DA:37,1
DA:39,1
DA:40,1
DA:48,11
DA:49,6
DA:51,4
DA:53,4
DA:54,4
DA:55,4
DA:59,2
DA:60,2
DA:61,2
DA:65,1
DA:73,10
DA:75,10
DA:76,10
DA:77,10
DA:78,10
DA:79,10
DA:80,10
DA:84,1
DA:85,1
DA:86,1
DA:90,1
DA:94,2
DA:102,2
DA:104,2
DA:105,2
DA:109,1
DA:115,1
DA:121,3
DA:123,3
DA:124,6
DA:127,3
DA:128,3
DA:132,1
DA:133,1
DA:137,1
DA:138,1
DA:142,1
DA:143,1
DA:147,1
DA:149,1
DA:151,1
DA:152,1
DA:158,1
LF:63
LH:63
BRDA:35,0,0,0
BRDA:35,0,1,1
BRDA:72,1,0,3
BRDA:132,2,0,0
BRDA:132,2,1,1
BRDA:147,3,0,0
BRDA:147,3,1,1
BRDA:152,4,0,0
BRDA:152,4,1,1
BRF:9
BRH:5
end_of_record
TN:
SF:src/storage.js
FNF:0
FNH:0
DA:1,1
DA:2,1
DA:4,1
LF:3
LH:3
BRF:0
BRH:0
end_of_record
TN:
SF:src/utils.js
FN:5,(anonymous_0)
FN:6,(anonymous_1)
FN:7,(anonymous_2)
FN:8,(anonymous_3)
FN:9,(anonymous_4)
FN:10,(anonymous_5)
FN:12,(anonymous_6)
FN:13,(anonymous_7)
FN:18,formatBookInfo
FN:26,calculateFineAmount
FN:36,verifyString
FN:37,(anonymous_11)
FN:44,checkMember
FN:46,(anonymous_13)
FN:55,verifyObject
FN:56,(anonymous_15)
FN:64,verifyNumber
FN:65,(anonymous_17)
FN:72,verifyArray
FN:73,(anonymous_19)
FN:80,verifyMap
FN:81,(anonymous_21)
FN:88,findOverdueBooks
FN:93,(anonymous_23)
FN:95,(anonymous_24)
FN:103,(anonymous_25)
FN:112,processReturnQueue
FN:128,searchBooksByCategory
FN:133,(anonymous_28)
FN:138,getBooksByAuthor
FN:140,(anonymous_30)
FN:144,calculateTotalLateFees
FN:147,(anonymous_32)
FN:153,combineBookCollections
FN:159,addMultipleBooks
FN:160,(anonymous_35)
FN:174,addMultipleMembers
FN:175,(anonymous_37)
FN:185,updateMemberInfo
FN:197,borrowBook
FN:218,findMemberById
FN:221,(anonymous_41)
FN:231,findBookByISBN
FNF:43
FNH:37
FNDA:24,(anonymous_0)
FNDA:10,(anonymous_1)
FNDA:2,(anonymous_2)
FNDA:0,(anonymous_3)
FNDA:0,(anonymous_4)
FNDA:2,(anonymous_5)
FNDA:2,(anonymous_6)
FNDA:0,(anonymous_7)
FNDA:1,formatBookInfo
FNDA:2,calculateFineAmount
FNDA:82,verifyString
FNDA:279,(anonymous_11)
FNDA:3,checkMember
FNDA:1,(anonymous_13)
FNDA:6,verifyObject
FNDA:6,(anonymous_15)
FNDA:50,verifyNumber
FNDA:95,(anonymous_17)
FNDA:3,verifyArray
FNDA:5,(anonymous_19)
FNDA:3,verifyMap
FNDA:3,(anonymous_21)
FNDA:1,findOverdueBooks
FNDA:1,(anonymous_23)
FNDA:1,(anonymous_24)
FNDA:1,(anonymous_25)
FNDA:1,processReturnQueue
FNDA:2,searchBooksByCategory
FNDA:3,(anonymous_28)
FNDA:3,getBooksByAuthor
FNDA:4,(anonymous_30)
FNDA:4,calculateTotalLateFees
FNDA:4,(anonymous_32)
FNDA:1,combineBookCollections
FNDA:13,addMultipleBooks
FNDA:27,(anonymous_35)
FNDA:1,addMultipleMembers
FNDA:1,(anonymous_37)
FNDA:1,updateMemberInfo
FNDA:0,borrowBook
FNDA:0,findMemberById
FNDA:0,(anonymous_41)
FNDA:3,findBookByISBN
DA:1,1
DA:2,1
DA:4,1
DA:5,24
DA:6,10
DA:7,2
DA:8,0
DA:9,0
DA:10,2
DA:12,2
DA:13,0
DA:19,1
DA:28,2
DA:30,1
DA:32,1
DA:37,82
DA:38,279
DA:39,12
DA:45,3
DA:46,3
DA:48,3
DA:49,1
DA:51,2
DA:56,6
DA:57,6
DA:58,2
DA:65,50
DA:66,95
DA:67,5
DA:73,3
DA:74,5
DA:75,1
DA:81,3
DA:82,3
DA:83,1
DA:89,1
DA:91,1
DA:93,1
DA:94,1
DA:96,1
DA:101,1
DA:103,1
DA:114,1
DA:116,1
DA:118,1
DA:119,3
DA:121,3
DA:123,3
DA:129,2
DA:130,2
DA:132,1
DA:133,3
DA:139,3
DA:140,4
DA:145,4
DA:147,3
DA:148,4
DA:154,1
DA:155,1
DA:160,13
DA:161,27
DA:162,0
DA:165,27
DA:166,0
DA:169,27
DA:175,1
DA:176,1
DA:177,0
DA:179,1
DA:180,1
DA:186,1
DA:187,1
DA:189,1
DA:190,1
DA:191,1
DA:193,1
DA:199,0
DA:200,0
DA:202,0
DA:203,0
DA:205,0
DA:206,0
DA:208,0
DA:209,0
DA:211,0
DA:212,0
DA:219,0
DA:221,0
DA:223,0
DA:224,0
DA:227,0
DA:232,3
DA:234,2
DA:236,2
DA:237,0
DA:240,2
DA:243,1
LF:97
LH:75
BRDA:38,0,0,12
BRDA:38,0,1,267
BRDA:48,1,0,1
BRDA:48,1,1,2
BRDA:57,2,0,2
BRDA:57,2,1,4
BRDA:57,3,0,6
BRDA:57,3,1,4
BRDA:66,4,0,5
BRDA:66,4,1,90
BRDA:66,5,0,95
BRDA:66,5,1,93
BRDA:66,5,2,92
BRDA:74,6,0,1
BRDA:74,6,1,4
BRDA:82,7,0,1
BRDA:82,7,1,2
BRDA:161,8,0,0
BRDA:161,8,1,27
BRDA:161,9,0,27
BRDA:161,9,1,27
BRDA:161,9,2,27
BRDA:165,10,0,0
BRDA:165,10,1,27
BRDA:176,11,0,0
BRDA:176,11,1,1
BRDA:176,12,0,1
BRDA:176,12,1,1
BRDA:176,12,2,1
BRDA:189,13,0,1
BRDA:189,13,1,0
BRDA:190,14,0,1
BRDA:190,14,1,0
BRDA:191,15,0,0
BRDA:191,15,1,1
BRDA:205,16,0,0
BRDA:205,16,1,0
BRDA:206,17,0,0
BRDA:206,17,1,0
BRDA:223,18,0,0
BRDA:223,18,1,0
BRDA:236,19,0,0
BRDA:236,19,1,2
BRF:43
BRH:30
end_of_record
