TN:
SF:src/constants.js
FNF:0
FNH:0
DA:1,3
DA:2,3
LF:2
LH:2
BRF:0
BRH:0
end_of_record
TN:
SF:src/library.js
FN:8,(anonymous_0)
FN:24,(anonymous_1)
FN:28,(anonymous_2)
FN:32,(anonymous_3)
FN:43,(anonymous_4)
FN:45,(anonymous_5)
FN:62,(anonymous_6)
FN:73,(anonymous_7)
FN:79,(anonymous_8)
FN:87,(anonymous_9)
FN:98,(anonymous_10)
FN:104,(anonymous_11)
FN:108,(anonymous_12)
FN:116,(anonymous_13)
FN:123,(anonymous_14)
FNF:15
FNH:15
FNDA:535,(anonymous_0)
FNDA:5,(anonymous_1)
FNDA:1,(anonymous_2)
FNDA:3,(anonymous_3)
FNDA:2,(anonymous_4)
FNDA:1,(anonymous_5)
FNDA:11,(anonymous_6)
FNDA:2,(anonymous_7)
FNDA:1,(anonymous_8)
FNDA:179,(anonymous_9)
FNDA:1,(anonymous_10)
FNDA:1,(anonymous_11)
FNDA:3,(anonymous_12)
FNDA:67,(anonymous_13)
FNDA:2,(anonymous_14)
DA:9,535
DA:10,531
DA:12,529
DA:13,529
DA:14,529
DA:15,529
DA:16,529
DA:18,529
DA:19,529
DA:21,529
DA:25,5
DA:29,1
DA:33,3
DA:35,3
DA:37,3
DA:39,3
DA:40,3
DA:44,2
DA:45,1
DA:48,2
DA:49,1
DA:52,1
DA:53,1
DA:55,1
DA:63,11
DA:64,6
DA:66,4
DA:68,4
DA:69,4
DA:70,4
DA:74,2
DA:75,2
DA:76,2
DA:80,1
DA:88,179
DA:90,179
DA:91,179
DA:92,179
DA:93,179
DA:94,179
DA:95,179
DA:99,1
DA:100,1
DA:101,1
DA:105,1
DA:109,3
DA:117,67
DA:119,67
DA:120,67
DA:124,2
LF:50
LH:50
BRDA:35,0,0,0
BRDA:35,0,1,3
BRDA:48,1,0,1
BRDA:48,1,1,1
BRDA:87,2,0,102
BRF:5
BRH:4
end_of_record
TN:
SF:src/libraryStats.js
FN:9,(anonymous_0)
FN:20,(anonymous_1)
FN:25,(anonymous_2)
FN:30,(anonymous_3)
FN:35,(anonymous_4)
FN:40,(anonymous_5)
FNF:6
FNH:6
FNDA:3,(anonymous_0)
FNDA:1,(anonymous_1)
FNDA:1,(anonymous_2)
FNDA:1,(anonymous_3)
FNDA:1,(anonymous_4)
FNDA:1,(anonymous_5)
DA:4,1
DA:10,3
DA:12,3
DA:13,6
DA:16,3
DA:17,3
DA:21,1
DA:22,1
DA:26,1
DA:27,1
DA:31,1
DA:32,1
DA:36,1
DA:38,1
DA:40,1
DA:41,1
LF:16
LH:16
BRDA:21,0,0,0
BRDA:21,0,1,1
BRDA:36,1,0,0
BRDA:36,1,1,1
BRDA:41,2,0,0
BRDA:41,2,1,1
BRF:6
BRH:3
end_of_record
TN:
SF:src/main.js
FN:8,startApp
FN:29,(anonymous_1)
FNF:2
FNH:1
FNDA:22,startApp
FNDA:0,(anonymous_1)
DA:9,22
DA:10,22
DA:12,22
DA:13,1
DA:15,1
DA:16,1
DA:20,22
DA:23,0
DA:27,1
DA:30,0
LF:10
LH:8
BRDA:12,0,0,1
BRDA:12,0,1,21
BRDA:15,1,0,1
BRDA:15,1,1,0
BRF:4
BRH:3
end_of_record
TN:
SF:src/storage.js
FN:7,saveToLocalStorage
FN:27,loadFromLocalStorage
FN:73,loadData
FN:79,(anonymous_3)
FN:94,(anonymous_4)
FN:106,exportLibraryData
FN:121,importLibraryData
FN:164,membershipType
FNF:8
FNH:8
FNDA:4,saveToLocalStorage
FNDA:26,loadFromLocalStorage
FNDA:8,loadData
FNDA:120,(anonymous_3)
FNDA:40,(anonymous_4)
FNDA:3,exportLibraryData
FNDA:4,importLibraryData
FNDA:160,membershipType
DA:4,3
DA:5,3
DA:8,4
DA:9,4
DA:14,4
DA:19,4
DA:20,4
DA:22,0
DA:23,0
DA:28,26
DA:29,26
DA:30,26
DA:32,26
DA:33,2
DA:36,24
DA:37,23
DA:39,23
DA:41,23
DA:43,345
DA:52,345
DA:53,345
DA:56,345
DA:59,23
DA:61,23
DA:62,115
DA:65,23
DA:68,1
DA:69,1
DA:74,8
DA:76,8
DA:77,8
DA:79,8
DA:81,120
DA:90,120
DA:94,8
DA:95,40
DA:98,8
DA:101,0
DA:102,0
DA:107,3
DA:108,3
DA:114,3
DA:116,0
DA:117,0
DA:122,4
DA:123,4
DA:125,3
DA:130,2
DA:133,1
DA:135,1
DA:136,15
DA:145,15
DA:146,15
DA:148,15
DA:151,1
DA:153,1
DA:154,5
DA:156,1
DA:157,1
DA:159,3
DA:160,3
DA:167,160
DA:168,64
DA:174,96
DA:181,160
DA:182,160
DA:184,160
LF:67
LH:61
BRDA:32,0,0,2
BRDA:32,0,1,24
BRDA:32,1,0,26
BRDA:32,1,1,24
BRDA:53,2,0,345
BRDA:53,2,1,0
BRDA:125,3,0,2
BRDA:125,3,1,1
BRDA:126,4,0,3
BRDA:126,4,1,3
BRDA:126,4,2,2
BRDA:146,5,0,15
BRDA:146,5,1,0
BRDA:167,6,0,64
BRDA:167,6,1,96
BRDA:181,7,0,160
BRDA:181,7,1,40
BRDA:182,8,0,160
BRDA:182,8,1,160
BRF:19
BRH:17
end_of_record
TN:
SF:src/ui.js
FN:25,initializeUI
FN:32,setupEventListeners
FN:45,(anonymous_2)
FN:53,(anonymous_3)
FN:59,(anonymous_4)
FN:66,renderBookCatalogue
FN:73,(anonymous_6)
FN:89,(anonymous_7)
FN:99,renderMembers
FN:105,(anonymous_9)
FN:119,(anonymous_10)
FN:129,handleReturnSubmit
FN:164,handleBorrowSubmit
FN:201,handleBookClick
FN:223,handleMemberClick
FN:245,handleSearch
FN:256,(anonymous_16)
FN:263,handleFilterChange
FN:281,displayBookDetails
FN:310,displayMemberDetails
FN:330,(anonymous_20)
FN:348,updateStatisticsDisplay
FN:364,(anonymous_22)
FN:371,(anonymous_23)
FN:377,createMemberForm
FN:434,(anonymous_25)
FN:462,hideAllSections
FN:473,displayCatalogue
FN:480,displayBorrow
FN:486,displayReturn
FN:492,displayMembers
FN:499,displayStatistics
FN:506,displayAddMemberForm
FN:521,handleCreateMember
FN:557,cacheDom
FN:578,validateDom
FNF:36
FNH:31
FNDA:22,initializeUI
FNDA:22,setupEventListeners
FNDA:2,(anonymous_2)
FNDA:2,(anonymous_3)
FNDA:1,(anonymous_4)
FNDA:26,renderBookCatalogue
FNDA:352,(anonymous_6)
FNDA:1,(anonymous_7)
FNDA:3,renderMembers
FNDA:15,(anonymous_9)
FNDA:0,(anonymous_10)
FNDA:2,handleReturnSubmit
FNDA:2,handleBorrowSubmit
FNDA:1,handleBookClick
FNDA:0,handleMemberClick
FNDA:3,handleSearch
FNDA:30,(anonymous_16)
FNDA:1,handleFilterChange
FNDA:1,displayBookDetails
FNDA:1,displayMemberDetails
FNDA:0,(anonymous_20)
FNDA:3,updateStatisticsDisplay
FNDA:0,(anonymous_22)
FNDA:45,(anonymous_23)
FNDA:3,createMemberForm
FNDA:6,(anonymous_25)
FNDA:11,hideAllSections
FNDA:1,displayCatalogue
FNDA:2,displayBorrow
FNDA:1,displayReturn
FNDA:3,displayMembers
FNDA:3,displayStatistics
FNDA:4,displayAddMemberForm
FNDA:0,handleCreateMember
FNDA:22,cacheDom
FNDA:22,validateDom
DA:26,22
DA:27,22
DA:28,22
DA:29,22
DA:34,22
DA:35,22
DA:36,22
DA:37,22
DA:38,22
DA:39,22
DA:40,22
DA:41,22
DA:43,22
DA:44,22
DA:45,22
DA:46,2
DA:47,2
DA:51,22
DA:52,22
DA:53,22
DA:54,2
DA:55,2
DA:59,22
DA:60,1
DA:61,0
DA:68,26
DA:71,26
DA:73,26
DA:74,352
DA:75,352
DA:78,352
DA:82,352
DA:89,352
DA:90,1
DA:91,1
DA:93,352
DA:96,26
DA:100,3
DA:103,3
DA:105,3
DA:106,15
DA:107,15
DA:110,15
DA:114,15
DA:119,15
DA:120,0
DA:121,0
DA:123,15
DA:126,3
DA:130,2
DA:132,2
DA:133,2
DA:135,2
DA:136,2
DA:138,2
DA:139,0
DA:140,0
DA:143,2
DA:144,2
DA:146,2
DA:147,0
DA:149,0
DA:151,0
DA:153,0
DA:154,0
DA:156,2
DA:159,0
DA:160,0
DA:166,2
DA:168,2
DA:169,2
DA:171,2
DA:172,2
DA:175,2
DA:176,1
DA:177,1
DA:180,1
DA:181,1
DA:183,1
DA:184,0
DA:185,0
DA:186,0
DA:188,0
DA:191,0
DA:193,1
DA:196,0
DA:197,0
DA:203,1
DA:206,1
DA:207,0
DA:211,1
DA:214,1
DA:215,0
DA:216,0
DA:218,1
DA:219,1
DA:220,1
DA:225,0
DA:228,0
DA:229,0
DA:233,0
DA:236,0
DA:237,0
DA:238,0
DA:240,0
DA:241,0
DA:242,0
DA:247,3
DA:250,3
DA:251,1
DA:252,1
DA:256,2
DA:257,30
DA:260,2
DA:264,1
DA:266,1
DA:267,0
DA:268,0
DA:271,1
DA:276,1
DA:282,1
DA:284,1
DA:285,0
DA:286,0
DA:289,1
DA:291,1
DA:292,0
DA:293,0
DA:296,1
DA:307,1
DA:311,1
DA:313,1
DA:314,0
DA:315,0
DA:318,1
DA:320,1
DA:321,0
DA:322,0
DA:327,1
DA:328,1
DA:330,0
DA:331,0
DA:334,1
DA:345,1
DA:349,3
DA:350,3
DA:352,3
DA:353,3
DA:356,3
DA:357,3
DA:361,3
DA:362,3
DA:363,0
DA:364,0
DA:365,0
DA:368,3
DA:369,3
DA:370,3
DA:371,45
DA:372,3
DA:379,3
DA:380,0
DA:384,3
DA:386,3
DA:389,3
DA:390,3
DA:391,3
DA:393,3
DA:394,3
DA:395,3
DA:396,3
DA:397,3
DA:398,3
DA:401,3
DA:402,3
DA:403,3
DA:405,3
DA:406,3
DA:407,3
DA:408,3
DA:409,3
DA:410,3
DA:413,3
DA:414,3
DA:415,3
DA:417,3
DA:418,3
DA:419,3
DA:420,3
DA:421,3
DA:422,3
DA:425,3
DA:426,3
DA:427,3
DA:429,3
DA:430,3
DA:431,3
DA:432,3
DA:434,3
DA:435,6
DA:436,6
DA:437,6
DA:438,6
DA:442,3
DA:443,3
DA:444,3
DA:446,3
DA:457,3
DA:458,3
DA:463,11
DA:464,11
DA:465,11
DA:466,11
DA:467,11
DA:468,11
DA:469,11
DA:470,11
DA:474,1
DA:476,1
DA:477,1
DA:481,2
DA:483,2
DA:487,1
DA:489,1
DA:493,3
DA:495,3
DA:496,3
DA:500,3
DA:502,3
DA:503,3
DA:507,4
DA:509,4
DA:510,1
DA:511,1
DA:512,1
DA:514,3
DA:515,3
DA:516,3
DA:517,3
DA:522,0
DA:524,0
DA:525,0
DA:526,0
DA:527,0
DA:529,0
DA:530,0
DA:531,0
DA:535,0
DA:537,0
DA:538,0
DA:540,0
DA:542,0
DA:544,0
DA:545,0
DA:547,0
DA:548,0
DA:550,0
DA:553,0
DA:558,22
DA:559,22
DA:560,22
DA:561,22
DA:562,22
DA:563,22
DA:564,22
DA:565,22
DA:566,22
DA:567,22
DA:568,22
DA:569,22
DA:570,22
DA:571,22
DA:572,22
DA:573,22
DA:574,22
DA:575,22
DA:580,22
DA:597,0
LF:278
LH:210
BRDA:44,0,0,22
BRDA:44,0,1,0
BRDA:52,1,0,22
BRDA:52,1,1,0
BRDA:60,2,0,0
BRDA:60,2,1,1
BRDA:138,3,0,0
BRDA:138,3,1,2
BRDA:138,4,0,2
BRDA:138,4,1,2
BRDA:146,5,0,0
BRDA:146,5,1,2
BRDA:175,6,0,1
BRDA:175,6,1,1
BRDA:175,7,0,2
BRDA:175,7,1,1
BRDA:183,8,0,0
BRDA:183,8,1,1
BRDA:206,9,0,0
BRDA:206,9,1,1
BRDA:214,10,0,0
BRDA:214,10,1,1
BRDA:228,11,0,0
BRDA:228,11,1,0
BRDA:236,12,0,0
BRDA:236,12,1,0
BRDA:250,13,0,1
BRDA:250,13,1,2
BRDA:266,14,0,0
BRDA:266,14,1,1
BRDA:284,15,0,0
BRDA:284,15,1,1
BRDA:291,16,0,0
BRDA:291,16,1,1
BRDA:313,17,0,0
BRDA:313,17,1,1
BRDA:320,18,0,0
BRDA:320,18,1,1
BRDA:327,19,0,1
BRDA:327,19,1,0
BRDA:352,20,0,3
BRDA:352,20,1,0
BRDA:356,21,0,3
BRDA:356,21,1,0
BRDA:362,22,0,0
BRDA:362,22,1,3
BRDA:369,23,0,3
BRDA:369,23,1,0
BRDA:379,24,0,0
BRDA:379,24,1,3
BRDA:509,25,0,1
BRDA:509,25,1,3
BRDA:529,26,0,0
BRDA:529,26,1,0
BRDA:529,27,0,0
BRDA:529,27,1,0
BRDA:529,27,2,0
BRDA:529,27,3,0
BRDA:537,28,0,0
BRDA:537,28,1,0
BRDA:580,29,0,0
BRDA:580,29,1,22
BRDA:580,30,0,22
BRDA:580,30,1,22
BRDA:580,30,2,22
BRDA:580,30,3,22
BRDA:580,30,4,22
BRDA:580,30,5,22
BRDA:580,30,6,22
BRDA:580,30,7,22
BRDA:580,30,8,22
BRDA:580,30,9,22
BRDA:580,30,10,22
BRDA:580,30,11,22
BRDA:580,30,12,22
BRDA:580,30,13,22
BRDA:580,30,14,22
BRDA:580,30,15,22
BRDA:580,30,16,22
BRF:79
BRH:47
end_of_record
TN:
SF:src/utils.js
FN:5,(anonymous_0)
FN:6,(anonymous_1)
FN:7,(anonymous_2)
FN:8,(anonymous_3)
FN:9,(anonymous_4)
FN:10,(anonymous_5)
FN:12,(anonymous_6)
FN:13,(anonymous_7)
FN:18,formatBookInfo
FN:26,calculateFineAmount
FN:36,verifyString
FN:37,(anonymous_11)
FN:44,checkMemberExists
FN:46,(anonymous_13)
FN:55,verifyObject
FN:56,(anonymous_15)
FN:64,verifyNumber
FN:65,(anonymous_17)
FN:72,verifyArray
FN:73,(anonymous_19)
FN:80,verifyMap
FN:81,(anonymous_21)
FN:88,findOverdueBooks
FN:93,(anonymous_23)
FN:95,(anonymous_24)
FN:103,(anonymous_25)
FN:112,processReturnQueue
FN:128,searchBooksByCategory
FN:133,(anonymous_28)
FN:138,getBooksByAuthor
FN:140,(anonymous_30)
FN:144,calculateTotalLateFees
FN:147,(anonymous_32)
FN:153,combineBookCollections
FN:159,addMultipleBooks
FN:160,(anonymous_35)
FN:174,addMultipleMembers
FN:175,(anonymous_37)
FN:185,updateMemberInfo
FN:197,borrowBook
FN:218,returnBook
FN:237,(anonymous_41)
FN:248,findMemberById
FN:251,(anonymous_43)
FN:262,findBookByISBN
FNF:45
FNH:44
FNDA:28,(anonymous_0)
FNDA:10,(anonymous_1)
FNDA:6,(anonymous_2)
FNDA:6,(anonymous_3)
FNDA:2,(anonymous_4)
FNDA:4,(anonymous_5)
FNDA:2,(anonymous_6)
FNDA:2,(anonymous_7)
FNDA:1,formatBookInfo
FNDA:2,calculateFineAmount
FNDA:834,verifyString
FNDA:3143,(anonymous_11)
FNDA:7,checkMemberExists
FNDA:4,(anonymous_13)
FNDA:8,verifyObject
FNDA:8,(anonymous_15)
FNDA:540,verifyNumber
FNDA:1075,(anonymous_17)
FNDA:4,verifyArray
FNDA:6,(anonymous_19)
FNDA:4,verifyMap
FNDA:4,(anonymous_21)
FNDA:1,findOverdueBooks
FNDA:1,(anonymous_23)
FNDA:1,(anonymous_24)
FNDA:1,(anonymous_25)
FNDA:1,processReturnQueue
FNDA:3,searchBooksByCategory
FNDA:18,(anonymous_28)
FNDA:3,getBooksByAuthor
FNDA:4,(anonymous_30)
FNDA:4,calculateTotalLateFees
FNDA:4,(anonymous_32)
FNDA:2,combineBookCollections
FNDA:18,addMultipleBooks
FNDA:35,(anonymous_35)
FNDA:5,addMultipleMembers
FNDA:6,(anonymous_37)
FNDA:3,updateMemberInfo
FNDA:3,borrowBook
FNDA:2,returnBook
FNDA:0,(anonymous_41)
FNDA:9,findMemberById
FNDA:24,(anonymous_43)
FNDA:10,findBookByISBN
DA:4,3
DA:5,28
DA:6,10
DA:7,6
DA:8,6
DA:9,2
DA:10,4
DA:12,2
DA:13,2
DA:19,1
DA:28,2
DA:30,1
DA:32,1
DA:37,834
DA:38,3143
DA:39,14
DA:45,7
DA:46,7
DA:48,7
DA:49,1
DA:51,6
DA:56,8
DA:57,8
DA:58,3
DA:65,540
DA:66,1075
DA:67,5
DA:73,4
DA:74,6
DA:75,2
DA:81,4
DA:82,4
DA:83,1
DA:89,1
DA:91,1
DA:93,1
DA:94,1
DA:96,1
DA:101,1
DA:103,1
DA:114,1
DA:116,1
DA:118,1
DA:119,3
DA:121,3
DA:123,3
DA:129,3
DA:130,3
DA:132,2
DA:133,18
DA:139,3
DA:140,4
DA:145,4
DA:147,3
DA:148,4
DA:154,2
DA:155,1
DA:160,18
DA:161,35
DA:162,1
DA:165,34
DA:166,1
DA:169,33
DA:175,5
DA:176,6
DA:177,1
DA:179,5
DA:180,5
DA:186,3
DA:187,2
DA:189,2
DA:190,2
DA:191,2
DA:193,2
DA:199,3
DA:200,3
DA:202,3
DA:203,1
DA:205,1
DA:206,1
DA:208,1
DA:209,1
DA:211,2
DA:212,2
DA:219,2
DA:220,2
DA:222,2
DA:223,0
DA:226,0
DA:227,0
DA:231,0
DA:232,0
DA:236,0
DA:237,0
DA:240,0
DA:242,2
DA:243,2
DA:249,9
DA:251,24
DA:254,8
DA:255,5
DA:258,3
DA:263,10
DA:265,8
DA:267,8
DA:268,1
DA:271,7
LF:107
LH:99
BRDA:38,0,0,14
BRDA:38,0,1,3129
BRDA:48,1,0,1
BRDA:48,1,1,6
BRDA:57,2,0,3
BRDA:57,2,1,5
BRDA:57,3,0,8
BRDA:57,3,1,5
BRDA:66,4,0,5
BRDA:66,4,1,1070
BRDA:66,5,0,1075
BRDA:66,5,1,1073
BRDA:66,5,2,1072
BRDA:74,6,0,2
BRDA:74,6,1,4
BRDA:82,7,0,1
BRDA:82,7,1,3
BRDA:161,8,0,1
BRDA:161,8,1,34
BRDA:161,9,0,35
BRDA:161,9,1,35
BRDA:161,9,2,34
BRDA:165,10,0,1
BRDA:165,10,1,33
BRDA:176,11,0,1
BRDA:176,11,1,5
BRDA:176,12,0,6
BRDA:176,12,1,6
BRDA:176,12,2,5
BRDA:189,13,0,2
BRDA:189,13,1,0
BRDA:190,14,0,2
BRDA:190,14,1,0
BRDA:191,15,0,1
BRDA:191,15,1,1
BRDA:205,16,0,0
BRDA:205,16,1,1
BRDA:206,17,0,0
BRDA:206,17,1,1
BRDA:226,18,0,0
BRDA:226,18,1,0
BRDA:231,19,0,0
BRDA:231,19,1,0
BRDA:254,20,0,5
BRDA:254,20,1,3
BRDA:267,21,0,1
BRDA:267,21,1,7
BRF:47
BRH:39
end_of_record
